{"/app/src/components/ArticleCard.tsx": {"path":"/app/src/components/ArticleCard.tsx","statementMap":{"0":{"start":{"line":9,"column":37},"end":{"line":19,"column":1}},"1":{"start":{"line":10,"column":2},"end":{"line":18,"column":4}},"2":{"start":{"line":21,"column":15},"end":{"line":48,"column":2}}},"fnMap":{"0":{"name":"(anonymous_0)","decl":{"start":{"line":9,"column":37},"end":{"line":9,"column":38}},"loc":{"start":{"line":9,"column":51},"end":{"line":19,"column":1}},"line":9}},"branchMap":{},"s":{"0":0,"1":0,"2":0},"f":{"0":0},"b":{}}
,"/app/src/components/CustomBottomSheet.tsx": {"path":"/app/src/components/CustomBottomSheet.tsx","statementMap":{"0":{"start":{"line":6,"column":19},"end":{"line":6,"column":43}},"1":{"start":{"line":14,"column":43},"end":{"line":43,"column":1}},"2":{"start":{"line":15,"column":20},"end":{"line":15,"column":62}},"3":{"start":{"line":16,"column":17},"end":{"line":16,"column":36}},"4":{"start":{"line":18,"column":2},"end":{"line":32,"column":27}},"5":{"start":{"line":19,"column":4},"end":{"line":31,"column":5}},"6":{"start":{"line":20,"column":6},"end":{"line":24,"column":17}},"7":{"start":{"line":26,"column":6},"end":{"line":30,"column":17}},"8":{"start":{"line":34,"column":2},"end":{"line":42,"column":4}},"9":{"start":{"line":45,"column":15},"end":{"line":61,"column":2}}},"fnMap":{"0":{"name":"(anonymous_0)","decl":{"start":{"line":14,"column":43},"end":{"line":14,"column":44}},"loc":{"start":{"line":14,"column":79},"end":{"line":43,"column":1}},"line":14},"1":{"name":"(anonymous_1)","decl":{"start":{"line":18,"column":12},"end":{"line":18,"column":13}},"loc":{"start":{"line":18,"column":18},"end":{"line":32,"column":3}},"line":18}},"branchMap":{"0":{"loc":{"start":{"line":19,"column":4},"end":{"line":31,"column":5}},"type":"if","locations":[{"start":{"line":19,"column":4},"end":{"line":31,"column":5}},{"start":{"line":25,"column":11},"end":{"line":31,"column":5}}],"line":19}},"s":{"0":0,"1":0,"2":0,"3":0,"4":0,"5":0,"6":0,"7":0,"8":0,"9":0},"f":{"0":0,"1":0},"b":{"0":[0,0]}}
,"/app/src/components/HeroBanner.tsx": {"path":"/app/src/components/HeroBanner.tsx","statementMap":{"0":{"start":{"line":9,"column":36},"end":{"line":20,"column":1}},"1":{"start":{"line":10,"column":2},"end":{"line":19,"column":4}},"2":{"start":{"line":22,"column":15},"end":{"line":61,"column":2}}},"fnMap":{"0":{"name":"(anonymous_0)","decl":{"start":{"line":9,"column":36},"end":{"line":9,"column":37}},"loc":{"start":{"line":9,"column":50},"end":{"line":20,"column":1}},"line":9}},"branchMap":{},"s":{"0":0,"1":0,"2":0},"f":{"0":0},"b":{}}
,"/app/src/components/LoadingModal.tsx": {"path":"/app/src/components/LoadingModal.tsx","statementMap":{"0":{"start":{"line":10,"column":50},"end":{"line":26,"column":1}},"1":{"start":{"line":11,"column":2},"end":{"line":25,"column":4}},"2":{"start":{"line":28,"column":15},"end":{"line":54,"column":2}}},"fnMap":{"0":{"name":"(anonymous_0)","decl":{"start":{"line":10,"column":50},"end":{"line":10,"column":51}},"loc":{"start":{"line":10,"column":96},"end":{"line":26,"column":1}},"line":10},"1":{"name":"(anonymous_1)","decl":{"start":{"line":16,"column":22},"end":{"line":16,"column":23}},"loc":{"start":{"line":16,"column":28},"end":{"line":16,"column":30}},"line":16}},"branchMap":{"0":{"loc":{"start":{"line":10,"column":64},"end":{"line":10,"column":89}},"type":"default-arg","locations":[{"start":{"line":10,"column":74},"end":{"line":10,"column":89}}],"line":10}},"s":{"0":0,"1":0,"2":0},"f":{"0":0,"1":0},"b":{"0":[0]}}
,"/app/src/components/ProductCarousel.tsx": {"path":"/app/src/components/ProductCarousel.tsx","statementMap":{"0":{"start":{"line":14,"column":41},"end":{"line":69,"column":1}},"1":{"start":{"line":15,"column":21},"end":{"line":15,"column":72}},"2":{"start":{"line":16,"column":29},"end":{"line":16,"column":42}},"3":{"start":{"line":17,"column":34},"end":{"line":17,"column":57}},"4":{"start":{"line":18,"column":32},"end":{"line":18,"column":46}},"5":{"start":{"line":20,"column":2},"end":{"line":30,"column":35}},"6":{"start":{"line":21,"column":26},"end":{"line":28,"column":5}},"7":{"start":{"line":22,"column":6},"end":{"line":22,"column":23}},"8":{"start":{"line":24,"column":38},"end":{"line":24,"column":78}},"9":{"start":{"line":24,"column":59},"end":{"line":24,"column":77}},"10":{"start":{"line":25,"column":31},"end":{"line":25,"column":73}},"11":{"start":{"line":26,"column":6},"end":{"line":26,"column":65}},"12":{"start":{"line":27,"column":6},"end":{"line":27,"column":24}},"13":{"start":{"line":29,"column":4},"end":{"line":29,"column":20}},"14":{"start":{"line":32,"column":21},"end":{"line":45,"column":3}},"15":{"start":{"line":34,"column":26},"end":{"line":36,"column":7}},"16":{"start":{"line":35,"column":8},"end":{"line":35,"column":69}},"17":{"start":{"line":38,"column":6},"end":{"line":42,"column":8}},"18":{"start":{"line":47,"column":2},"end":{"line":54,"column":3}},"19":{"start":{"line":48,"column":4},"end":{"line":53,"column":6}},"20":{"start":{"line":56,"column":2},"end":{"line":68,"column":4}},"21":{"start":{"line":61,"column":30},"end":{"line":61,"column":37}},"22":{"start":{"line":71,"column":15},"end":{"line":89,"column":2}}},"fnMap":{"0":{"name":"(anonymous_0)","decl":{"start":{"line":14,"column":41},"end":{"line":14,"column":42}},"loc":{"start":{"line":14,"column":68},"end":{"line":69,"column":1}},"line":14},"1":{"name":"(anonymous_1)","decl":{"start":{"line":20,"column":12},"end":{"line":20,"column":13}},"loc":{"start":{"line":20,"column":18},"end":{"line":30,"column":3}},"line":20},"2":{"name":"(anonymous_2)","decl":{"start":{"line":21,"column":26},"end":{"line":21,"column":27}},"loc":{"start":{"line":21,"column":38},"end":{"line":28,"column":5}},"line":21},"3":{"name":"(anonymous_3)","decl":{"start":{"line":24,"column":53},"end":{"line":24,"column":54}},"loc":{"start":{"line":24,"column":59},"end":{"line":24,"column":77}},"line":24},"4":{"name":"(anonymous_4)","decl":{"start":{"line":33,"column":4},"end":{"line":33,"column":5}},"loc":{"start":{"line":33,"column":37},"end":{"line":43,"column":5}},"line":33},"5":{"name":"(anonymous_5)","decl":{"start":{"line":34,"column":26},"end":{"line":34,"column":27}},"loc":{"start":{"line":34,"column":32},"end":{"line":36,"column":7}},"line":34},"6":{"name":"(anonymous_6)","decl":{"start":{"line":61,"column":22},"end":{"line":61,"column":23}},"loc":{"start":{"line":61,"column":30},"end":{"line":61,"column":37}},"line":61}},"branchMap":{"0":{"loc":{"start":{"line":47,"column":2},"end":{"line":54,"column":3}},"type":"if","locations":[{"start":{"line":47,"column":2},"end":{"line":54,"column":3}},{"start":{},"end":{}}],"line":47}},"s":{"0":0,"1":0,"2":0,"3":0,"4":0,"5":0,"6":0,"7":0,"8":0,"9":0,"10":0,"11":0,"12":0,"13":0,"14":0,"15":0,"16":0,"17":0,"18":0,"19":0,"20":0,"21":0,"22":0},"f":{"0":0,"1":0,"2":0,"3":0,"4":0,"5":0,"6":0},"b":{"0":[0,0]}}
,"/app/src/components/ProductGridCard.tsx": {"path":"/app/src/components/ProductGridCard.tsx","statementMap":{"0":{"start":{"line":16,"column":41},"end":{"line":61,"column":1}},"1":{"start":{"line":17,"column":36},"end":{"line":17,"column":50}},"2":{"start":{"line":18,"column":14},"end":{"line":18,"column":31}},"3":{"start":{"line":20,"column":19},"end":{"line":20,"column":85}},"4":{"start":{"line":22,"column":2},"end":{"line":60,"column":4}},"5":{"start":{"line":38,"column":87},"end":{"line":38,"column":113}},"6":{"start":{"line":63,"column":15},"end":{"line":119,"column":2}}},"fnMap":{"0":{"name":"(anonymous_0)","decl":{"start":{"line":16,"column":41},"end":{"line":16,"column":42}},"loc":{"start":{"line":16,"column":77},"end":{"line":61,"column":1}},"line":16},"1":{"name":"(anonymous_1)","decl":{"start":{"line":38,"column":81},"end":{"line":38,"column":82}},"loc":{"start":{"line":38,"column":87},"end":{"line":38,"column":113}},"line":38}},"branchMap":{"0":{"loc":{"start":{"line":20,"column":19},"end":{"line":20,"column":85}},"type":"binary-expr","locations":[{"start":{"line":20,"column":19},"end":{"line":20,"column":50}},{"start":{"line":20,"column":54},"end":{"line":20,"column":85}}],"line":20},"1":{"loc":{"start":{"line":33,"column":9},"end":{"line":37,"column":16}},"type":"cond-expr","locations":[{"start":{"line":34,"column":10},"end":{"line":36,"column":17}},{"start":{"line":37,"column":12},"end":{"line":37,"column":16}}],"line":33},"2":{"loc":{"start":{"line":39,"column":26},"end":{"line":39,"column":57}},"type":"cond-expr","locations":[{"start":{"line":39,"column":32},"end":{"line":39,"column":39}},{"start":{"line":39,"column":42},"end":{"line":39,"column":57}}],"line":39},"3":{"loc":{"start":{"line":39,"column":76},"end":{"line":39,"column":100}},"type":"cond-expr","locations":[{"start":{"line":39,"column":82},"end":{"line":39,"column":91}},{"start":{"line":39,"column":94},"end":{"line":39,"column":100}}],"line":39},"4":{"loc":{"start":{"line":48,"column":9},"end":{"line":52,"column":9}},"type":"binary-expr","locations":[{"start":{"line":48,"column":9},"end":{"line":48,"column":17}},{"start":{"line":49,"column":10},"end":{"line":51,"column":17}}],"line":48}},"s":{"0":1,"1":2,"2":2,"3":2,"4":2,"5":1,"6":1},"f":{"0":2,"1":1},"b":{"0":[2,0],"1":[0,2],"2":[0,2],"3":[0,2],"4":[2,0]},"_coverageSchema":"1a1c01bbd47fc00a2c39e90264f33305004495a9","hash":"80075e2674f956a54d50b3e66d7c63df6cd82a3a"}
,"/app/src/components/ProductListItem.tsx": {"path":"/app/src/components/ProductListItem.tsx","statementMap":{"0":{"start":{"line":15,"column":41},"end":{"line":43,"column":1}},"1":{"start":{"line":16,"column":36},"end":{"line":16,"column":50}},"2":{"start":{"line":17,"column":14},"end":{"line":17,"column":31}},"3":{"start":{"line":19,"column":2},"end":{"line":42,"column":4}},"4":{"start":{"line":38,"column":63},"end":{"line":38,"column":89}},"5":{"start":{"line":45,"column":15},"end":{"line":96,"column":2}}},"fnMap":{"0":{"name":"(anonymous_0)","decl":{"start":{"line":15,"column":41},"end":{"line":15,"column":42}},"loc":{"start":{"line":15,"column":67},"end":{"line":43,"column":1}},"line":15},"1":{"name":"(anonymous_1)","decl":{"start":{"line":38,"column":57},"end":{"line":38,"column":58}},"loc":{"start":{"line":38,"column":63},"end":{"line":38,"column":89}},"line":38}},"branchMap":{"0":{"loc":{"start":{"line":39,"column":24},"end":{"line":39,"column":55}},"type":"cond-expr","locations":[{"start":{"line":39,"column":30},"end":{"line":39,"column":37}},{"start":{"line":39,"column":40},"end":{"line":39,"column":55}}],"line":39},"1":{"loc":{"start":{"line":39,"column":74},"end":{"line":39,"column":98}},"type":"cond-expr","locations":[{"start":{"line":39,"column":80},"end":{"line":39,"column":89}},{"start":{"line":39,"column":92},"end":{"line":39,"column":98}}],"line":39}},"s":{"0":0,"1":0,"2":0,"3":0,"4":0,"5":0},"f":{"0":0,"1":0},"b":{"0":[0,0],"1":[0,0]}}
,"/app/src/components/ProfileListItem.tsx": {"path":"/app/src/components/ProfileListItem.tsx","statementMap":{"0":{"start":{"line":15,"column":41},"end":{"line":32,"column":1}},"1":{"start":{"line":16,"column":2},"end":{"line":31,"column":4}},"2":{"start":{"line":34,"column":15},"end":{"line":66,"column":2}}},"fnMap":{"0":{"name":"(anonymous_0)","decl":{"start":{"line":15,"column":41},"end":{"line":15,"column":42}},"loc":{"start":{"line":15,"column":118},"end":{"line":32,"column":1}},"line":15}},"branchMap":{"0":{"loc":{"start":{"line":23,"column":9},"end":{"line":23,"column":62}},"type":"binary-expr","locations":[{"start":{"line":23,"column":9},"end":{"line":23,"column":15}},{"start":{"line":23,"column":19},"end":{"line":23,"column":62}}],"line":23},"1":{"loc":{"start":{"line":24,"column":9},"end":{"line":28,"column":9}},"type":"cond-expr","locations":[{"start":{"line":25,"column":10},"end":{"line":25,"column":71}},{"start":{"line":27,"column":10},"end":{"line":27,"column":71}}],"line":24}},"s":{"0":0,"1":0,"2":0},"f":{"0":0},"b":{"0":[0,0],"1":[0,0]}}
,"/app/src/components/PromoCodeModal.tsx": {"path":"/app/src/components/PromoCodeModal.tsx","statementMap":{"0":{"start":{"line":14,"column":40},"end":{"line":53,"column":1}},"1":{"start":{"line":15,"column":36},"end":{"line":15,"column":48}},"2":{"start":{"line":17,"column":27},"end":{"line":19,"column":3}},"3":{"start":{"line":18,"column":4},"end":{"line":18,"column":23}},"4":{"start":{"line":21,"column":2},"end":{"line":52,"column":4}},"5":{"start":{"line":55,"column":15},"end":{"line":116,"column":2}}},"fnMap":{"0":{"name":"(anonymous_0)","decl":{"start":{"line":14,"column":40},"end":{"line":14,"column":41}},"loc":{"start":{"line":14,"column":94},"end":{"line":53,"column":1}},"line":14},"1":{"name":"(anonymous_1)","decl":{"start":{"line":17,"column":27},"end":{"line":17,"column":28}},"loc":{"start":{"line":17,"column":33},"end":{"line":19,"column":3}},"line":17}},"branchMap":{"0":{"loc":{"start":{"line":14,"column":70},"end":{"line":14,"column":87}},"type":"default-arg","locations":[{"start":{"line":14,"column":82},"end":{"line":14,"column":87}}],"line":14},"1":{"loc":{"start":{"line":44,"column":35},"end":{"line":44,"column":66}},"type":"binary-expr","locations":[{"start":{"line":44,"column":35},"end":{"line":44,"column":44}},{"start":{"line":44,"column":48},"end":{"line":44,"column":66}}],"line":44},"2":{"loc":{"start":{"line":48,"column":11},"end":{"line":48,"column":110}},"type":"cond-expr","locations":[{"start":{"line":48,"column":23},"end":{"line":48,"column":57}},{"start":{"line":48,"column":60},"end":{"line":48,"column":110}}],"line":48}},"s":{"0":0,"1":0,"2":0,"3":0,"4":0,"5":0},"f":{"0":0,"1":0},"b":{"0":[0],"1":[0,0],"2":[0,0]}}
,"/app/src/components/ShopTheLook.tsx": {"path":"/app/src/components/ShopTheLook.tsx","statementMap":{"0":{"start":{"line":12,"column":37},"end":{"line":52,"column":1}},"1":{"start":{"line":13,"column":21},"end":{"line":13,"column":72}},"2":{"start":{"line":14,"column":29},"end":{"line":14,"column":42}},"3":{"start":{"line":15,"column":34},"end":{"line":15,"column":57}},"4":{"start":{"line":16,"column":32},"end":{"line":16,"column":46}},"5":{"start":{"line":18,"column":2},"end":{"line":26,"column":37}},"6":{"start":{"line":19,"column":26},"end":{"line":24,"column":5}},"7":{"start":{"line":20,"column":6},"end":{"line":20,"column":23}},"8":{"start":{"line":21,"column":29},"end":{"line":21,"column":108}},"9":{"start":{"line":21,"column":74},"end":{"line":21,"column":106}},"10":{"start":{"line":22,"column":6},"end":{"line":22,"column":63}},"11":{"start":{"line":23,"column":6},"end":{"line":23,"column":24}},"12":{"start":{"line":25,"column":4},"end":{"line":25,"column":20}},"13":{"start":{"line":28,"column":2},"end":{"line":51,"column":4}},"14":{"start":{"line":36,"column":28},"end":{"line":36,"column":73}},"15":{"start":{"line":36,"column":47},"end":{"line":36,"column":72}},"16":{"start":{"line":37,"column":12},"end":{"line":37,"column":38}},"17":{"start":{"line":37,"column":26},"end":{"line":37,"column":38}},"18":{"start":{"line":38,"column":12},"end":{"line":46,"column":14}},"19":{"start":{"line":42,"column":31},"end":{"line":42,"column":100}},"20":{"start":{"line":54,"column":15},"end":{"line":93,"column":2}}},"fnMap":{"0":{"name":"(anonymous_0)","decl":{"start":{"line":12,"column":37},"end":{"line":12,"column":38}},"loc":{"start":{"line":12,"column":51},"end":{"line":52,"column":1}},"line":12},"1":{"name":"(anonymous_1)","decl":{"start":{"line":18,"column":12},"end":{"line":18,"column":13}},"loc":{"start":{"line":18,"column":18},"end":{"line":26,"column":3}},"line":18},"2":{"name":"(anonymous_2)","decl":{"start":{"line":19,"column":26},"end":{"line":19,"column":27}},"loc":{"start":{"line":19,"column":38},"end":{"line":24,"column":5}},"line":19},"3":{"name":"(anonymous_3)","decl":{"start":{"line":21,"column":64},"end":{"line":21,"column":65}},"loc":{"start":{"line":21,"column":74},"end":{"line":21,"column":106}},"line":21},"4":{"name":"(anonymous_4)","decl":{"start":{"line":35,"column":27},"end":{"line":35,"column":28}},"loc":{"start":{"line":35,"column":37},"end":{"line":47,"column":11}},"line":35},"5":{"name":"(anonymous_5)","decl":{"start":{"line":36,"column":42},"end":{"line":36,"column":43}},"loc":{"start":{"line":36,"column":47},"end":{"line":36,"column":72}},"line":36},"6":{"name":"(anonymous_6)","decl":{"start":{"line":42,"column":25},"end":{"line":42,"column":26}},"loc":{"start":{"line":42,"column":31},"end":{"line":42,"column":100}},"line":42}},"branchMap":{"0":{"loc":{"start":{"line":32,"column":9},"end":{"line":48,"column":9}},"type":"cond-expr","locations":[{"start":{"line":33,"column":10},"end":{"line":33,"column":57}},{"start":{"line":35,"column":10},"end":{"line":47,"column":12}}],"line":32},"1":{"loc":{"start":{"line":37,"column":12},"end":{"line":37,"column":38}},"type":"if","locations":[{"start":{"line":37,"column":12},"end":{"line":37,"column":38}},{"start":{},"end":{}}],"line":37}},"s":{"0":0,"1":0,"2":0,"3":0,"4":0,"5":0,"6":0,"7":0,"8":0,"9":0,"10":0,"11":0,"12":0,"13":0,"14":0,"15":0,"16":0,"17":0,"18":0,"19":0,"20":0},"f":{"0":0,"1":0,"2":0,"3":0,"4":0,"5":0,"6":0},"b":{"0":[0,0],"1":[0,0]}}
,"/app/src/components/SkeletonLoader.tsx": {"path":"/app/src/components/SkeletonLoader.tsx","statementMap":{"0":{"start":{"line":4,"column":31},"end":{"line":4,"column":55}},"1":{"start":{"line":6,"column":115},"end":{"line":37,"column":1}},"2":{"start":{"line":12,"column":24},"end":{"line":12,"column":61}},"3":{"start":{"line":14,"column":2},"end":{"line":25,"column":22}},"4":{"start":{"line":15,"column":22},"end":{"line":22,"column":5}},"5":{"start":{"line":23,"column":4},"end":{"line":23,"column":22}},"6":{"start":{"line":24,"column":4},"end":{"line":24,"column":34}},"7":{"start":{"line":24,"column":17},"end":{"line":24,"column":33}},"8":{"start":{"line":27,"column":21},"end":{"line":30,"column":4}},"9":{"start":{"line":32,"column":2},"end":{"line":36,"column":4}},"10":{"start":{"line":39,"column":38},"end":{"line":45,"column":1}},"11":{"start":{"line":40,"column":2},"end":{"line":44,"column":9}},"12":{"start":{"line":47,"column":38},"end":{"line":56,"column":1}},"13":{"start":{"line":48,"column":2},"end":{"line":55,"column":9}},"14":{"start":{"line":58,"column":15},"end":{"line":76,"column":2}}},"fnMap":{"0":{"name":"(anonymous_0)","decl":{"start":{"line":6,"column":115},"end":{"line":6,"column":116}},"loc":{"start":{"line":11,"column":6},"end":{"line":37,"column":1}},"line":11},"1":{"name":"(anonymous_1)","decl":{"start":{"line":14,"column":12},"end":{"line":14,"column":13}},"loc":{"start":{"line":14,"column":18},"end":{"line":25,"column":3}},"line":14},"2":{"name":"(anonymous_2)","decl":{"start":{"line":24,"column":11},"end":{"line":24,"column":12}},"loc":{"start":{"line":24,"column":17},"end":{"line":24,"column":33}},"line":24},"3":{"name":"(anonymous_3)","decl":{"start":{"line":39,"column":38},"end":{"line":39,"column":39}},"loc":{"start":{"line":40,"column":2},"end":{"line":44,"column":9}},"line":40},"4":{"name":"(anonymous_4)","decl":{"start":{"line":47,"column":38},"end":{"line":47,"column":39}},"loc":{"start":{"line":48,"column":2},"end":{"line":55,"column":9}},"line":48}},"branchMap":{"0":{"loc":{"start":{"line":9,"column":2},"end":{"line":9,"column":18}},"type":"default-arg","locations":[{"start":{"line":9,"column":17},"end":{"line":9,"column":18}}],"line":9}},"s":{"0":0,"1":0,"2":0,"3":0,"4":0,"5":0,"6":0,"7":0,"8":0,"9":0,"10":0,"11":0,"12":0,"13":0,"14":0},"f":{"0":0,"1":0,"2":0,"3":0,"4":0},"b":{"0":[0]}}
,"/app/src/components/UpdateModal.tsx": {"path":"/app/src/components/UpdateModal.tsx","statementMap":{"0":{"start":{"line":8,"column":30},"end":{"line":92,"column":1}},"1":{"start":{"line":9,"column":36},"end":{"line":9,"column":51}},"2":{"start":{"line":10,"column":36},"end":{"line":10,"column":48}},"3":{"start":{"line":12,"column":25},"end":{"line":46,"column":3}},"4":{"start":{"line":13,"column":4},"end":{"line":45,"column":5}},"5":{"start":{"line":15,"column":27},"end":{"line":15,"column":57}},"6":{"start":{"line":16,"column":22},"end":{"line":16,"column":48}},"7":{"start":{"line":19,"column":6},"end":{"line":42,"column":7}},"8":{"start":{"line":20,"column":23},"end":{"line":20,"column":37}},"9":{"start":{"line":23,"column":8},"end":{"line":39,"column":9}},"10":{"start":{"line":24,"column":36},"end":{"line":24,"column":62}},"11":{"start":{"line":25,"column":22},"end":{"line":25,"column":39}},"12":{"start":{"line":28,"column":37},"end":{"line":28,"column":38}},"13":{"start":{"line":30,"column":10},"end":{"line":30,"column":113}},"14":{"start":{"line":33,"column":10},"end":{"line":36,"column":11}},"15":{"start":{"line":34,"column":12},"end":{"line":34,"column":30}},"16":{"start":{"line":35,"column":12},"end":{"line":35,"column":31}},"17":{"start":{"line":38,"column":10},"end":{"line":38,"column":79}},"18":{"start":{"line":41,"column":8},"end":{"line":41,"column":81}},"19":{"start":{"line":44,"column":6},"end":{"line":44,"column":81}},"20":{"start":{"line":48,"column":2},"end":{"line":62,"column":9}},"21":{"start":{"line":50,"column":4},"end":{"line":50,"column":21}},"22":{"start":{"line":53,"column":25},"end":{"line":57,"column":6}},"23":{"start":{"line":54,"column":6},"end":{"line":56,"column":7}},"24":{"start":{"line":55,"column":8},"end":{"line":55,"column":25}},"25":{"start":{"line":59,"column":4},"end":{"line":61,"column":6}},"26":{"start":{"line":60,"column":6},"end":{"line":60,"column":28}},"27":{"start":{"line":64,"column":28},"end":{"line":68,"column":3}},"28":{"start":{"line":65,"column":4},"end":{"line":67,"column":5}},"29":{"start":{"line":66,"column":6},"end":{"line":66,"column":33}},"30":{"start":{"line":70,"column":2},"end":{"line":91,"column":4}},"31":{"start":{"line":94,"column":15},"end":{"line":143,"column":2}}},"fnMap":{"0":{"name":"(anonymous_0)","decl":{"start":{"line":8,"column":30},"end":{"line":8,"column":31}},"loc":{"start":{"line":8,"column":36},"end":{"line":92,"column":1}},"line":8},"1":{"name":"(anonymous_1)","decl":{"start":{"line":12,"column":25},"end":{"line":12,"column":26}},"loc":{"start":{"line":12,"column":37},"end":{"line":46,"column":3}},"line":12},"2":{"name":"(anonymous_2)","decl":{"start":{"line":48,"column":12},"end":{"line":48,"column":13}},"loc":{"start":{"line":48,"column":18},"end":{"line":62,"column":3}},"line":48},"3":{"name":"(anonymous_3)","decl":{"start":{"line":53,"column":61},"end":{"line":53,"column":62}},"loc":{"start":{"line":53,"column":77},"end":{"line":57,"column":5}},"line":53},"4":{"name":"(anonymous_4)","decl":{"start":{"line":59,"column":11},"end":{"line":59,"column":12}},"loc":{"start":{"line":59,"column":17},"end":{"line":61,"column":5}},"line":59},"5":{"name":"(anonymous_5)","decl":{"start":{"line":64,"column":28},"end":{"line":64,"column":29}},"loc":{"start":{"line":64,"column":34},"end":{"line":68,"column":3}},"line":64},"6":{"name":"(anonymous_6)","decl":{"start":{"line":75,"column":22},"end":{"line":75,"column":23}},"loc":{"start":{"line":75,"column":28},"end":{"line":75,"column":30}},"line":75}},"branchMap":{"0":{"loc":{"start":{"line":19,"column":6},"end":{"line":42,"column":7}},"type":"if","locations":[{"start":{"line":19,"column":6},"end":{"line":42,"column":7}},{"start":{"line":40,"column":13},"end":{"line":42,"column":7}}],"line":19},"1":{"loc":{"start":{"line":23,"column":8},"end":{"line":39,"column":9}},"type":"if","locations":[{"start":{"line":23,"column":8},"end":{"line":39,"column":9}},{"start":{"line":37,"column":15},"end":{"line":39,"column":9}}],"line":23},"2":{"loc":{"start":{"line":33,"column":10},"end":{"line":36,"column":11}},"type":"if","locations":[{"start":{"line":33,"column":10},"end":{"line":36,"column":11}},{"start":{},"end":{}}],"line":33},"3":{"loc":{"start":{"line":54,"column":6},"end":{"line":56,"column":7}},"type":"if","locations":[{"start":{"line":54,"column":6},"end":{"line":56,"column":7}},{"start":{},"end":{}}],"line":54},"4":{"loc":{"start":{"line":65,"column":4},"end":{"line":67,"column":5}},"type":"if","locations":[{"start":{"line":65,"column":4},"end":{"line":67,"column":5}},{"start":{},"end":{}}],"line":65}},"s":{"0":0,"1":0,"2":0,"3":0,"4":0,"5":0,"6":0,"7":0,"8":0,"9":0,"10":0,"11":0,"12":0,"13":0,"14":0,"15":0,"16":0,"17":0,"18":0,"19":0,"20":0,"21":0,"22":0,"23":0,"24":0,"25":0,"26":0,"27":0,"28":0,"29":0,"30":0,"31":0},"f":{"0":0,"1":0,"2":0,"3":0,"4":0,"5":0,"6":0},"b":{"0":[0,0],"1":[0,0],"2":[0,0],"3":[0,0],"4":[0,0]}}
,"/app/src/data/discoverFeed.ts": {"path":"/app/src/data/discoverFeed.ts","statementMap":{"0":{"start":{"line":3,"column":54},"end":{"line":54,"column":1}}},"fnMap":{},"branchMap":{},"s":{"0":0},"f":{},"b":{}}
,"/app/src/data/products.ts": {"path":"/app/src/data/products.ts","statementMap":{"0":{"start":{"line":6,"column":35},"end":{"line":35,"column":1}},"1":{"start":{"line":7,"column":2},"end":{"line":34,"column":3}},"2":{"start":{"line":8,"column":4},"end":{"line":8,"column":55}},"3":{"start":{"line":9,"column":31},"end":{"line":9,"column":57}},"4":{"start":{"line":10,"column":26},"end":{"line":10,"column":59}},"5":{"start":{"line":12,"column":32},"end":{"line":27,"column":6}},"6":{"start":{"line":13,"column":19},"end":{"line":13,"column":29}},"7":{"start":{"line":14,"column":6},"end":{"line":26,"column":8}},"8":{"start":{"line":29,"column":4},"end":{"line":29,"column":67}},"9":{"start":{"line":30,"column":4},"end":{"line":30,"column":20}},"10":{"start":{"line":32,"column":4},"end":{"line":32,"column":54}},"11":{"start":{"line":33,"column":4},"end":{"line":33,"column":14}}},"fnMap":{"0":{"name":"(anonymous_0)","decl":{"start":{"line":6,"column":35},"end":{"line":6,"column":36}},"loc":{"start":{"line":6,"column":67},"end":{"line":35,"column":1}},"line":6},"1":{"name":"(anonymous_1)","decl":{"start":{"line":12,"column":55},"end":{"line":12,"column":56}},"loc":{"start":{"line":12,"column":110},"end":{"line":27,"column":5}},"line":12}},"branchMap":{"0":{"loc":{"start":{"line":25,"column":24},"end":{"line":25,"column":49}},"type":"binary-expr","locations":[{"start":{"line":25,"column":24},"end":{"line":25,"column":43}},{"start":{"line":25,"column":47},"end":{"line":25,"column":49}}],"line":25}},"s":{"0":0,"1":0,"2":0,"3":0,"4":0,"5":0,"6":0,"7":0,"8":0,"9":0,"10":0,"11":0},"f":{"0":0,"1":0},"b":{"0":[0,0]}}
,"/app/src/firebase/config.ts": {"path":"/app/src/firebase/config.ts","statementMap":{"0":{"start":{"line":7,"column":11},"end":{"line":7,"column":25}},"1":{"start":{"line":8,"column":13},"end":{"line":8,"column":22}}},"fnMap":{},"branchMap":{},"s":{"0":0,"1":0},"f":{},"b":{}}
,"/app/src/hooks/usePaginatedProducts.ts": {"path":"/app/src/hooks/usePaginatedProducts.ts","statementMap":{"0":{"start":{"line":20,"column":18},"end":{"line":20,"column":20}},"1":{"start":{"line":36,"column":24},"end":{"line":55,"column":1}},"2":{"start":{"line":37,"column":15},"end":{"line":37,"column":25}},"3":{"start":{"line":38,"column":20},"end":{"line":38,"column":40}},"4":{"start":{"line":39,"column":2},"end":{"line":54,"column":4}},"5":{"start":{"line":57,"column":30},"end":{"line":144,"column":1}},"6":{"start":{"line":58,"column":34},"end":{"line":58,"column":57}},"7":{"start":{"line":59,"column":32},"end":{"line":59,"column":46}},"8":{"start":{"line":61,"column":21},"end":{"line":119,"column":4}},"9":{"start":{"line":62,"column":33},"end":{"line":62,"column":59}},"10":{"start":{"line":63,"column":24},"end":{"line":63,"column":48}},"11":{"start":{"line":64,"column":24},"end":{"line":64,"column":48}},"12":{"start":{"line":65,"column":27},"end":{"line":65,"column":111}},"13":{"start":{"line":67,"column":4},"end":{"line":71,"column":5}},"14":{"start":{"line":68,"column":6},"end":{"line":68,"column":58}},"15":{"start":{"line":69,"column":11},"end":{"line":71,"column":5}},"16":{"start":{"line":70,"column":6},"end":{"line":70,"column":62}},"17":{"start":{"line":72,"column":4},"end":{"line":74,"column":5}},"18":{"start":{"line":73,"column":6},"end":{"line":73,"column":53}},"19":{"start":{"line":75,"column":4},"end":{"line":77,"column":5}},"20":{"start":{"line":76,"column":6},"end":{"line":76,"column":50}},"21":{"start":{"line":78,"column":4},"end":{"line":80,"column":5}},"22":{"start":{"line":79,"column":6},"end":{"line":79,"column":54}},"23":{"start":{"line":81,"column":4},"end":{"line":83,"column":5}},"24":{"start":{"line":82,"column":6},"end":{"line":82,"column":54}},"25":{"start":{"line":84,"column":4},"end":{"line":86,"column":5}},"26":{"start":{"line":85,"column":6},"end":{"line":85,"column":52}},"27":{"start":{"line":87,"column":4},"end":{"line":89,"column":5}},"28":{"start":{"line":88,"column":6},"end":{"line":88,"column":52}},"29":{"start":{"line":92,"column":4},"end":{"line":104,"column":5}},"30":{"start":{"line":94,"column":8},"end":{"line":95,"column":95}},"31":{"start":{"line":96,"column":6},"end":{"line":96,"column":89}},"32":{"start":{"line":97,"column":11},"end":{"line":104,"column":5}},"33":{"start":{"line":99,"column":6},"end":{"line":99,"column":69}},"34":{"start":{"line":101,"column":26},"end":{"line":101,"column":50}},"35":{"start":{"line":102,"column":28},"end":{"line":102,"column":58}},"36":{"start":{"line":103,"column":6},"end":{"line":103,"column":56}},"37":{"start":{"line":106,"column":4},"end":{"line":106,"column":13}},"38":{"start":{"line":121,"column":27},"end":{"line":133,"column":18}},"39":{"start":{"line":122,"column":4},"end":{"line":122,"column":21}},"40":{"start":{"line":123,"column":4},"end":{"line":132,"column":5}},"41":{"start":{"line":124,"column":16},"end":{"line":124,"column":28}},"42":{"start":{"line":125,"column":28},"end":{"line":125,"column":44}},"43":{"start":{"line":126,"column":26},"end":{"line":126,"column":65}},"44":{"start":{"line":127,"column":6},"end":{"line":127,"column":31}},"45":{"start":{"line":129,"column":6},"end":{"line":129,"column":74}},"46":{"start":{"line":131,"column":6},"end":{"line":131,"column":24}},"47":{"start":{"line":135,"column":18},"end":{"line":137,"column":24}},"48":{"start":{"line":136,"column":4},"end":{"line":136,"column":23}},"49":{"start":{"line":139,"column":2},"end":{"line":141,"column":25}},"50":{"start":{"line":140,"column":4},"end":{"line":140,"column":23}},"51":{"start":{"line":143,"column":2},"end":{"line":143,"column":40}},"52":{"start":{"line":146,"column":36},"end":{"line":212,"column":1}},"53":{"start":{"line":147,"column":34},"end":{"line":147,"column":57}},"54":{"start":{"line":148,"column":32},"end":{"line":148,"column":47}},"55":{"start":{"line":149,"column":40},"end":{"line":149,"column":55}},"56":{"start":{"line":150,"column":32},"end":{"line":150,"column":46}},"57":{"start":{"line":152,"column":21},"end":{"line":152,"column":63}},"58":{"start":{"line":154,"column":21},"end":{"line":166,"column":80}},"59":{"start":{"line":155,"column":33},"end":{"line":155,"column":59}},"60":{"start":{"line":157,"column":4},"end":{"line":161,"column":5}},"61":{"start":{"line":158,"column":6},"end":{"line":158,"column":58}},"62":{"start":{"line":159,"column":11},"end":{"line":161,"column":5}},"63":{"start":{"line":160,"column":6},"end":{"line":160,"column":62}},"64":{"start":{"line":163,"column":4},"end":{"line":163,"column":84}},"65":{"start":{"line":165,"column":4},"end":{"line":165,"column":13}},"66":{"start":{"line":168,"column":24},"end":{"line":205,"column":3}},"67":{"start":{"line":170,"column":6},"end":{"line":176,"column":7}},"68":{"start":{"line":171,"column":8},"end":{"line":171,"column":25}},"69":{"start":{"line":172,"column":8},"end":{"line":172,"column":34}},"70":{"start":{"line":174,"column":8},"end":{"line":174,"column":44}},"71":{"start":{"line":174,"column":37},"end":{"line":174,"column":44}},"72":{"start":{"line":175,"column":8},"end":{"line":175,"column":29}},"73":{"start":{"line":178,"column":6},"end":{"line":202,"column":7}},"74":{"start":{"line":179,"column":16},"end":{"line":179,"column":28}},"75":{"start":{"line":180,"column":8},"end":{"line":180,"column":39}},"76":{"start":{"line":182,"column":8},"end":{"line":184,"column":9}},"77":{"start":{"line":183,"column":10},"end":{"line":183,"column":55}},"78":{"start":{"line":186,"column":30},"end":{"line":186,"column":46}},"79":{"start":{"line":187,"column":28},"end":{"line":187,"column":67}},"80":{"start":{"line":189,"column":8},"end":{"line":189,"column":87}},"81":{"start":{"line":190,"column":8},"end":{"line":190,"column":53}},"82":{"start":{"line":192,"column":8},"end":{"line":196,"column":9}},"83":{"start":{"line":193,"column":10},"end":{"line":193,"column":35}},"84":{"start":{"line":195,"column":10},"end":{"line":195,"column":57}},"85":{"start":{"line":195,"column":30},"end":{"line":195,"column":55}},"86":{"start":{"line":198,"column":8},"end":{"line":198,"column":68}},"87":{"start":{"line":200,"column":8},"end":{"line":200,"column":26}},"88":{"start":{"line":201,"column":8},"end":{"line":201,"column":30}},"89":{"start":{"line":207,"column":18},"end":{"line":209,"column":21}},"90":{"start":{"line":208,"column":4},"end":{"line":208,"column":24}},"91":{"start":{"line":211,"column":2},"end":{"line":211,"column":100}},"92":{"start":{"line":211,"column":68},"end":{"line":211,"column":88}}},"fnMap":{"0":{"name":"(anonymous_0)","decl":{"start":{"line":36,"column":24},"end":{"line":36,"column":25}},"loc":{"start":{"line":36,"column":65},"end":{"line":55,"column":1}},"line":36},"1":{"name":"(anonymous_1)","decl":{"start":{"line":57,"column":30},"end":{"line":57,"column":31}},"loc":{"start":{"line":57,"column":69},"end":{"line":144,"column":1}},"line":57},"2":{"name":"(anonymous_2)","decl":{"start":{"line":61,"column":33},"end":{"line":61,"column":34}},"loc":{"start":{"line":61,"column":60},"end":{"line":107,"column":3}},"line":61},"3":{"name":"(anonymous_3)","decl":{"start":{"line":121,"column":39},"end":{"line":121,"column":40}},"loc":{"start":{"line":121,"column":51},"end":{"line":133,"column":3}},"line":121},"4":{"name":"(anonymous_4)","decl":{"start":{"line":135,"column":30},"end":{"line":135,"column":31}},"loc":{"start":{"line":135,"column":36},"end":{"line":137,"column":3}},"line":135},"5":{"name":"(anonymous_5)","decl":{"start":{"line":139,"column":12},"end":{"line":139,"column":13}},"loc":{"start":{"line":139,"column":18},"end":{"line":141,"column":3}},"line":139},"6":{"name":"(anonymous_6)","decl":{"start":{"line":146,"column":36},"end":{"line":146,"column":37}},"loc":{"start":{"line":146,"column":75},"end":{"line":212,"column":1}},"line":146},"7":{"name":"(anonymous_7)","decl":{"start":{"line":154,"column":33},"end":{"line":154,"column":34}},"loc":{"start":{"line":154,"column":60},"end":{"line":166,"column":3}},"line":154},"8":{"name":"(anonymous_8)","decl":{"start":{"line":169,"column":4},"end":{"line":169,"column":5}},"loc":{"start":{"line":169,"column":33},"end":{"line":203,"column":5}},"line":169},"9":{"name":"(anonymous_9)","decl":{"start":{"line":195,"column":22},"end":{"line":195,"column":23}},"loc":{"start":{"line":195,"column":30},"end":{"line":195,"column":55}},"line":195},"10":{"name":"(anonymous_10)","decl":{"start":{"line":207,"column":30},"end":{"line":207,"column":31}},"loc":{"start":{"line":207,"column":36},"end":{"line":209,"column":3}},"line":207},"11":{"name":"(anonymous_11)","decl":{"start":{"line":211,"column":62},"end":{"line":211,"column":63}},"loc":{"start":{"line":211,"column":68},"end":{"line":211,"column":88}},"line":211}},"branchMap":{"0":{"loc":{"start":{"line":38,"column":20},"end":{"line":38,"column":40}},"type":"binary-expr","locations":[{"start":{"line":38,"column":20},"end":{"line":38,"column":34}},{"start":{"line":38,"column":38},"end":{"line":38,"column":40}}],"line":38},"1":{"loc":{"start":{"line":43,"column":11},"end":{"line":43,"column":68}},"type":"cond-expr","locations":[{"start":{"line":43,"column":34},"end":{"line":43,"column":46}},{"start":{"line":43,"column":49},"end":{"line":43,"column":68}}],"line":43},"2":{"loc":{"start":{"line":43,"column":49},"end":{"line":43,"column":68}},"type":"binary-expr","locations":[{"start":{"line":43,"column":49},"end":{"line":43,"column":62}},{"start":{"line":43,"column":66},"end":{"line":43,"column":68}}],"line":43},"3":{"loc":{"start":{"line":45,"column":15},"end":{"line":45,"column":38}},"type":"binary-expr","locations":[{"start":{"line":45,"column":15},"end":{"line":45,"column":25}},{"start":{"line":45,"column":29},"end":{"line":45,"column":38}}],"line":45},"4":{"loc":{"start":{"line":51,"column":20},"end":{"line":51,"column":45}},"type":"binary-expr","locations":[{"start":{"line":51,"column":20},"end":{"line":51,"column":39}},{"start":{"line":51,"column":43},"end":{"line":51,"column":45}}],"line":51},"5":{"loc":{"start":{"line":57,"column":31},"end":{"line":57,"column":64}},"type":"default-arg","locations":[{"start":{"line":57,"column":62},"end":{"line":57,"column":64}}],"line":57},"6":{"loc":{"start":{"line":65,"column":27},"end":{"line":65,"column":111}},"type":"binary-expr","locations":[{"start":{"line":65,"column":28},"end":{"line":65,"column":47}},{"start":{"line":65,"column":51},"end":{"line":65,"column":66}},{"start":{"line":65,"column":72},"end":{"line":65,"column":91}},{"start":{"line":65,"column":95},"end":{"line":65,"column":110}}],"line":65},"7":{"loc":{"start":{"line":67,"column":4},"end":{"line":71,"column":5}},"type":"if","locations":[{"start":{"line":67,"column":4},"end":{"line":71,"column":5}},{"start":{"line":69,"column":11},"end":{"line":71,"column":5}}],"line":67},"8":{"loc":{"start":{"line":69,"column":11},"end":{"line":71,"column":5}},"type":"if","locations":[{"start":{"line":69,"column":11},"end":{"line":71,"column":5}},{"start":{},"end":{}}],"line":69},"9":{"loc":{"start":{"line":69,"column":15},"end":{"line":69,"column":68}},"type":"binary-expr","locations":[{"start":{"line":69,"column":15},"end":{"line":69,"column":31}},{"start":{"line":69,"column":35},"end":{"line":69,"column":68}}],"line":69},"10":{"loc":{"start":{"line":72,"column":4},"end":{"line":74,"column":5}},"type":"if","locations":[{"start":{"line":72,"column":4},"end":{"line":74,"column":5}},{"start":{},"end":{}}],"line":72},"11":{"loc":{"start":{"line":75,"column":4},"end":{"line":77,"column":5}},"type":"if","locations":[{"start":{"line":75,"column":4},"end":{"line":77,"column":5}},{"start":{},"end":{}}],"line":75},"12":{"loc":{"start":{"line":78,"column":4},"end":{"line":80,"column":5}},"type":"if","locations":[{"start":{"line":78,"column":4},"end":{"line":80,"column":5}},{"start":{},"end":{}}],"line":78},"13":{"loc":{"start":{"line":78,"column":8},"end":{"line":78,"column":46}},"type":"binary-expr","locations":[{"start":{"line":78,"column":8},"end":{"line":78,"column":27}},{"start":{"line":78,"column":31},"end":{"line":78,"column":46}}],"line":78},"14":{"loc":{"start":{"line":81,"column":4},"end":{"line":83,"column":5}},"type":"if","locations":[{"start":{"line":81,"column":4},"end":{"line":83,"column":5}},{"start":{},"end":{}}],"line":81},"15":{"loc":{"start":{"line":81,"column":8},"end":{"line":81,"column":46}},"type":"binary-expr","locations":[{"start":{"line":81,"column":8},"end":{"line":81,"column":27}},{"start":{"line":81,"column":31},"end":{"line":81,"column":46}}],"line":81},"16":{"loc":{"start":{"line":84,"column":4},"end":{"line":86,"column":5}},"type":"if","locations":[{"start":{"line":84,"column":4},"end":{"line":86,"column":5}},{"start":{},"end":{}}],"line":84},"17":{"loc":{"start":{"line":87,"column":4},"end":{"line":89,"column":5}},"type":"if","locations":[{"start":{"line":87,"column":4},"end":{"line":89,"column":5}},{"start":{},"end":{}}],"line":87},"18":{"loc":{"start":{"line":92,"column":4},"end":{"line":104,"column":5}},"type":"if","locations":[{"start":{"line":92,"column":4},"end":{"line":104,"column":5}},{"start":{"line":97,"column":11},"end":{"line":104,"column":5}}],"line":92},"19":{"loc":{"start":{"line":97,"column":11},"end":{"line":104,"column":5}},"type":"if","locations":[{"start":{"line":97,"column":11},"end":{"line":104,"column":5}},{"start":{"line":100,"column":11},"end":{"line":104,"column":5}}],"line":97},"20":{"loc":{"start":{"line":99,"column":36},"end":{"line":99,"column":66}},"type":"binary-expr","locations":[{"start":{"line":99,"column":36},"end":{"line":99,"column":57}},{"start":{"line":99,"column":61},"end":{"line":99,"column":66}}],"line":99},"21":{"loc":{"start":{"line":101,"column":26},"end":{"line":101,"column":50}},"type":"binary-expr","locations":[{"start":{"line":101,"column":26},"end":{"line":101,"column":40}},{"start":{"line":101,"column":44},"end":{"line":101,"column":50}}],"line":101},"22":{"loc":{"start":{"line":102,"column":28},"end":{"line":102,"column":58}},"type":"binary-expr","locations":[{"start":{"line":102,"column":28},"end":{"line":102,"column":49}},{"start":{"line":102,"column":53},"end":{"line":102,"column":58}}],"line":102},"23":{"loc":{"start":{"line":146,"column":37},"end":{"line":146,"column":70}},"type":"default-arg","locations":[{"start":{"line":146,"column":68},"end":{"line":146,"column":70}}],"line":146},"24":{"loc":{"start":{"line":157,"column":4},"end":{"line":161,"column":5}},"type":"if","locations":[{"start":{"line":157,"column":4},"end":{"line":161,"column":5}},{"start":{"line":159,"column":11},"end":{"line":161,"column":5}}],"line":157},"25":{"loc":{"start":{"line":159,"column":11},"end":{"line":161,"column":5}},"type":"if","locations":[{"start":{"line":159,"column":11},"end":{"line":161,"column":5}},{"start":{},"end":{}}],"line":159},"26":{"loc":{"start":{"line":159,"column":15},"end":{"line":159,"column":68}},"type":"binary-expr","locations":[{"start":{"line":159,"column":15},"end":{"line":159,"column":31}},{"start":{"line":159,"column":35},"end":{"line":159,"column":68}}],"line":159},"27":{"loc":{"start":{"line":163,"column":25},"end":{"line":163,"column":49}},"type":"binary-expr","locations":[{"start":{"line":163,"column":25},"end":{"line":163,"column":39}},{"start":{"line":163,"column":43},"end":{"line":163,"column":49}}],"line":163},"28":{"loc":{"start":{"line":163,"column":51},"end":{"line":163,"column":81}},"type":"binary-expr","locations":[{"start":{"line":163,"column":51},"end":{"line":163,"column":72}},{"start":{"line":163,"column":76},"end":{"line":163,"column":81}}],"line":163},"29":{"loc":{"start":{"line":169,"column":11},"end":{"line":169,"column":28}},"type":"default-arg","locations":[{"start":{"line":169,"column":23},"end":{"line":169,"column":28}}],"line":169},"30":{"loc":{"start":{"line":170,"column":6},"end":{"line":176,"column":7}},"type":"if","locations":[{"start":{"line":170,"column":6},"end":{"line":176,"column":7}},{"start":{"line":173,"column":13},"end":{"line":176,"column":7}}],"line":170},"31":{"loc":{"start":{"line":174,"column":8},"end":{"line":174,"column":44}},"type":"if","locations":[{"start":{"line":174,"column":8},"end":{"line":174,"column":44}},{"start":{},"end":{}}],"line":174},"32":{"loc":{"start":{"line":174,"column":12},"end":{"line":174,"column":35}},"type":"binary-expr","locations":[{"start":{"line":174,"column":12},"end":{"line":174,"column":23}},{"start":{"line":174,"column":27},"end":{"line":174,"column":35}}],"line":174},"33":{"loc":{"start":{"line":182,"column":8},"end":{"line":184,"column":9}},"type":"if","locations":[{"start":{"line":182,"column":8},"end":{"line":184,"column":9}},{"start":{},"end":{}}],"line":182},"34":{"loc":{"start":{"line":182,"column":12},"end":{"line":182,"column":44}},"type":"binary-expr","locations":[{"start":{"line":182,"column":12},"end":{"line":182,"column":22}},{"start":{"line":182,"column":26},"end":{"line":182,"column":44}}],"line":182},"35":{"loc":{"start":{"line":189,"column":29},"end":{"line":189,"column":86}},"type":"binary-expr","locations":[{"start":{"line":189,"column":29},"end":{"line":189,"column":78}},{"start":{"line":189,"column":82},"end":{"line":189,"column":86}}],"line":189},"36":{"loc":{"start":{"line":192,"column":8},"end":{"line":196,"column":9}},"type":"if","locations":[{"start":{"line":192,"column":8},"end":{"line":196,"column":9}},{"start":{"line":194,"column":15},"end":{"line":196,"column":9}}],"line":192}},"s":{"0":0,"1":0,"2":0,"3":0,"4":0,"5":0,"6":0,"7":0,"8":0,"9":0,"10":0,"11":0,"12":0,"13":0,"14":0,"15":0,"16":0,"17":0,"18":0,"19":0,"20":0,"21":0,"22":0,"23":0,"24":0,"25":0,"26":0,"27":0,"28":0,"29":0,"30":0,"31":0,"32":0,"33":0,"34":0,"35":0,"36":0,"37":0,"38":0,"39":0,"40":0,"41":0,"42":0,"43":0,"44":0,"45":0,"46":0,"47":0,"48":0,"49":0,"50":0,"51":0,"52":0,"53":0,"54":0,"55":0,"56":0,"57":0,"58":0,"59":0,"60":0,"61":0,"62":0,"63":0,"64":0,"65":0,"66":0,"67":0,"68":0,"69":0,"70":0,"71":0,"72":0,"73":0,"74":0,"75":0,"76":0,"77":0,"78":0,"79":0,"80":0,"81":0,"82":0,"83":0,"84":0,"85":0,"86":0,"87":0,"88":0,"89":0,"90":0,"91":0,"92":0},"f":{"0":0,"1":0,"2":0,"3":0,"4":0,"5":0,"6":0,"7":0,"8":0,"9":0,"10":0,"11":0},"b":{"0":[0,0],"1":[0,0],"2":[0,0],"3":[0,0],"4":[0,0],"5":[0],"6":[0,0,0,0],"7":[0,0],"8":[0,0],"9":[0,0],"10":[0,0],"11":[0,0],"12":[0,0],"13":[0,0],"14":[0,0],"15":[0,0],"16":[0,0],"17":[0,0],"18":[0,0],"19":[0,0],"20":[0,0],"21":[0,0],"22":[0,0],"23":[0],"24":[0,0],"25":[0,0],"26":[0,0],"27":[0,0],"28":[0,0],"29":[0],"30":[0,0],"31":[0,0],"32":[0,0],"33":[0,0],"34":[0,0],"35":[0,0],"36":[0,0]}}
,"/app/src/navigation/HomeTabNavigator.tsx": {"path":"/app/src/navigation/HomeTabNavigator.tsx","statementMap":{"0":{"start":{"line":6,"column":12},"end":{"line":6,"column":43}},"1":{"start":{"line":8,"column":17},"end":{"line":8,"column":87}},"2":{"start":{"line":14,"column":5},"end":{"line":19,"column":1}},"3":{"start":{"line":21,"column":25},"end":{"line":46,"column":1}},"4":{"start":{"line":22,"column":2},"end":{"line":45,"column":4}},"5":{"start":{"line":42,"column":8},"end":{"line":42,"column":106}}},"fnMap":{"0":{"name":"(anonymous_0)","decl":{"start":{"line":21,"column":25},"end":{"line":21,"column":26}},"loc":{"start":{"line":21,"column":31},"end":{"line":46,"column":1}},"line":21},"1":{"name":"(anonymous_1)","decl":{"start":{"line":41,"column":25},"end":{"line":41,"column":26}},"loc":{"start":{"line":42,"column":8},"end":{"line":42,"column":106}},"line":42}},"branchMap":{},"s":{"0":0,"1":0,"2":0,"3":0,"4":0,"5":0},"f":{"0":0,"1":0},"b":{}}
,"/app/src/screens/AuthPromptScreen.tsx": {"path":"/app/src/screens/AuthPromptScreen.tsx","statementMap":{"0":{"start":{"line":10,"column":35},"end":{"line":53,"column":1}},"1":{"start":{"line":11,"column":21},"end":{"line":11,"column":72}},"2":{"start":{"line":13,"column":2},"end":{"line":52,"column":4}},"3":{"start":{"line":15,"column":39},"end":{"line":15,"column":58}},"4":{"start":{"line":38,"column":12},"end":{"line":38,"column":32}},"5":{"start":{"line":39,"column":12},"end":{"line":39,"column":42}},"6":{"start":{"line":46,"column":25},"end":{"line":46,"column":80}},"7":{"start":{"line":55,"column":15},"end":{"line":128,"column":2}}},"fnMap":{"0":{"name":"(anonymous_0)","decl":{"start":{"line":10,"column":35},"end":{"line":10,"column":36}},"loc":{"start":{"line":10,"column":41},"end":{"line":53,"column":1}},"line":10},"1":{"name":"(anonymous_1)","decl":{"start":{"line":15,"column":33},"end":{"line":15,"column":34}},"loc":{"start":{"line":15,"column":39},"end":{"line":15,"column":58}},"line":15},"2":{"name":"(anonymous_2)","decl":{"start":{"line":37,"column":19},"end":{"line":37,"column":20}},"loc":{"start":{"line":37,"column":25},"end":{"line":40,"column":11}},"line":37},"3":{"name":"(anonymous_3)","decl":{"start":{"line":46,"column":19},"end":{"line":46,"column":20}},"loc":{"start":{"line":46,"column":25},"end":{"line":46,"column":80}},"line":46}},"branchMap":{},"s":{"0":0,"1":0,"2":0,"3":0,"4":0,"5":0,"6":0,"7":0},"f":{"0":0,"1":0,"2":0,"3":0},"b":{}}
,"/app/src/screens/BrandScreen.tsx": {"path":"/app/src/screens/BrandScreen.tsx","statementMap":{"0":{"start":{"line":18,"column":30},"end":{"line":124,"column":1}},"1":{"start":{"line":19,"column":21},"end":{"line":19,"column":72}},"2":{"start":{"line":20,"column":16},"end":{"line":20,"column":48}},"3":{"start":{"line":21,"column":22},"end":{"line":21,"column":34}},"4":{"start":{"line":23,"column":21},"end":{"line":23,"column":34}},"5":{"start":{"line":24,"column":34},"end":{"line":24,"column":60}},"6":{"start":{"line":26,"column":16},"end":{"line":26,"column":84}},"7":{"start":{"line":26,"column":30},"end":{"line":26,"column":64}},"8":{"start":{"line":26,"column":47},"end":{"line":26,"column":63}},"9":{"start":{"line":29,"column":41},"end":{"line":29,"column":81}},"10":{"start":{"line":31,"column":2},"end":{"line":35,"column":23}},"11":{"start":{"line":32,"column":4},"end":{"line":34,"column":5}},"12":{"start":{"line":33,"column":6},"end":{"line":33,"column":16}},"13":{"start":{"line":38,"column":21},"end":{"line":58,"column":3}},"14":{"start":{"line":40,"column":20},"end":{"line":43,"column":7}},"15":{"start":{"line":42,"column":23},"end":{"line":42,"column":83}},"16":{"start":{"line":44,"column":6},"end":{"line":50,"column":7}},"17":{"start":{"line":45,"column":8},"end":{"line":49,"column":10}},"18":{"start":{"line":51,"column":6},"end":{"line":55,"column":8}},"19":{"start":{"line":60,"column":17},"end":{"line":84,"column":3}},"20":{"start":{"line":61,"column":4},"end":{"line":83,"column":11}},"21":{"start":{"line":63,"column":41},"end":{"line":63,"column":60}},"22":{"start":{"line":75,"column":43},"end":{"line":75,"column":62}},"23":{"start":{"line":78,"column":43},"end":{"line":78,"column":62}},"24":{"start":{"line":86,"column":2},"end":{"line":123,"column":4}},"25":{"start":{"line":94,"column":16},"end":{"line":94,"column":40}},"26":{"start":{"line":98,"column":52},"end":{"line":98,"column":76}},"27":{"start":{"line":106,"column":32},"end":{"line":106,"column":39}},"28":{"start":{"line":109,"column":40},"end":{"line":109,"column":71}},"29":{"start":{"line":126,"column":15},"end":{"line":194,"column":2}}},"fnMap":{"0":{"name":"(anonymous_0)","decl":{"start":{"line":18,"column":30},"end":{"line":18,"column":31}},"loc":{"start":{"line":18,"column":36},"end":{"line":124,"column":1}},"line":18},"1":{"name":"(anonymous_1)","decl":{"start":{"line":26,"column":24},"end":{"line":26,"column":25}},"loc":{"start":{"line":26,"column":30},"end":{"line":26,"column":64}},"line":26},"2":{"name":"(anonymous_2)","decl":{"start":{"line":26,"column":42},"end":{"line":26,"column":43}},"loc":{"start":{"line":26,"column":47},"end":{"line":26,"column":63}},"line":26},"3":{"name":"(anonymous_3)","decl":{"start":{"line":31,"column":12},"end":{"line":31,"column":13}},"loc":{"start":{"line":31,"column":18},"end":{"line":35,"column":3}},"line":31},"4":{"name":"(anonymous_4)","decl":{"start":{"line":39,"column":4},"end":{"line":39,"column":5}},"loc":{"start":{"line":39,"column":37},"end":{"line":56,"column":5}},"line":39},"5":{"name":"(anonymous_5)","decl":{"start":{"line":42,"column":17},"end":{"line":42,"column":18}},"loc":{"start":{"line":42,"column":23},"end":{"line":42,"column":83}},"line":42},"6":{"name":"(anonymous_6)","decl":{"start":{"line":60,"column":17},"end":{"line":60,"column":18}},"loc":{"start":{"line":61,"column":4},"end":{"line":83,"column":11}},"line":61},"7":{"name":"(anonymous_7)","decl":{"start":{"line":63,"column":35},"end":{"line":63,"column":36}},"loc":{"start":{"line":63,"column":41},"end":{"line":63,"column":60}},"line":63},"8":{"name":"(anonymous_8)","decl":{"start":{"line":75,"column":37},"end":{"line":75,"column":38}},"loc":{"start":{"line":75,"column":43},"end":{"line":75,"column":62}},"line":75},"9":{"name":"(anonymous_9)","decl":{"start":{"line":78,"column":37},"end":{"line":78,"column":38}},"loc":{"start":{"line":78,"column":43},"end":{"line":78,"column":62}},"line":78},"10":{"name":"(anonymous_10)","decl":{"start":{"line":93,"column":45},"end":{"line":93,"column":46}},"loc":{"start":{"line":94,"column":16},"end":{"line":94,"column":40}},"line":94},"11":{"name":"(anonymous_11)","decl":{"start":{"line":98,"column":42},"end":{"line":98,"column":43}},"loc":{"start":{"line":98,"column":52},"end":{"line":98,"column":76}},"line":98},"12":{"name":"(anonymous_12)","decl":{"start":{"line":106,"column":24},"end":{"line":106,"column":25}},"loc":{"start":{"line":106,"column":32},"end":{"line":106,"column":39}},"line":106},"13":{"name":"(anonymous_13)","decl":{"start":{"line":109,"column":34},"end":{"line":109,"column":35}},"loc":{"start":{"line":109,"column":40},"end":{"line":109,"column":71}},"line":109}},"branchMap":{"0":{"loc":{"start":{"line":32,"column":4},"end":{"line":34,"column":5}},"type":"if","locations":[{"start":{"line":32,"column":4},"end":{"line":34,"column":5}},{"start":{},"end":{}}],"line":32},"1":{"loc":{"start":{"line":44,"column":6},"end":{"line":50,"column":7}},"type":"if","locations":[{"start":{"line":44,"column":6},"end":{"line":50,"column":7}},{"start":{},"end":{}}],"line":44},"2":{"loc":{"start":{"line":67,"column":11},"end":{"line":67,"column":95}},"type":"binary-expr","locations":[{"start":{"line":67,"column":11},"end":{"line":67,"column":25}},{"start":{"line":67,"column":29},"end":{"line":67,"column":95}}],"line":67},"3":{"loc":{"start":{"line":76,"column":51},"end":{"line":76,"column":88}},"type":"cond-expr","locations":[{"start":{"line":76,"column":73},"end":{"line":76,"column":79}},{"start":{"line":76,"column":82},"end":{"line":76,"column":88}}],"line":76},"4":{"loc":{"start":{"line":79,"column":51},"end":{"line":79,"column":88}},"type":"cond-expr","locations":[{"start":{"line":79,"column":73},"end":{"line":79,"column":79}},{"start":{"line":79,"column":82},"end":{"line":79,"column":88}}],"line":79},"5":{"loc":{"start":{"line":89,"column":7},"end":{"line":121,"column":7}},"type":"cond-expr","locations":[{"start":{"line":90,"column":8},"end":{"line":100,"column":15}},{"start":{"line":102,"column":8},"end":{"line":120,"column":10}}],"line":89},"6":{"loc":{"start":{"line":91,"column":11},"end":{"line":99,"column":11}},"type":"cond-expr","locations":[{"start":{"line":92,"column":12},"end":{"line":96,"column":19}},{"start":{"line":98,"column":12},"end":{"line":98,"column":77}}],"line":91},"7":{"loc":{"start":{"line":107,"column":22},"end":{"line":107,"column":49}},"type":"cond-expr","locations":[{"start":{"line":107,"column":44},"end":{"line":107,"column":45}},{"start":{"line":107,"column":48},"end":{"line":107,"column":49}}],"line":107},"8":{"loc":{"start":{"line":108,"column":30},"end":{"line":108,"column":84}},"type":"cond-expr","locations":[{"start":{"line":108,"column":52},"end":{"line":108,"column":72}},{"start":{"line":108,"column":75},"end":{"line":108,"column":84}}],"line":108}},"s":{"0":0,"1":0,"2":0,"3":0,"4":0,"5":0,"6":0,"7":0,"8":0,"9":0,"10":0,"11":0,"12":0,"13":0,"14":0,"15":0,"16":0,"17":0,"18":0,"19":0,"20":0,"21":0,"22":0,"23":0,"24":0,"25":0,"26":0,"27":0,"28":0,"29":0},"f":{"0":0,"1":0,"2":0,"3":0,"4":0,"5":0,"6":0,"7":0,"8":0,"9":0,"10":0,"11":0,"12":0,"13":0},"b":{"0":[0,0],"1":[0,0],"2":[0,0],"3":[0,0],"4":[0,0],"5":[0,0],"6":[0,0],"7":[0,0],"8":[0,0]}}
,"/app/src/screens/CatalogScreen.tsx": {"path":"/app/src/screens/CatalogScreen.tsx","statementMap":{"0":{"start":{"line":26,"column":23},"end":{"line":26,"column":35}},"1":{"start":{"line":27,"column":31},"end":{"line":27,"column":65}},"2":{"start":{"line":28,"column":27},"end":{"line":28,"column":37}},"3":{"start":{"line":29,"column":16},"end":{"line":29,"column":74}},"4":{"start":{"line":32,"column":20},"end":{"line":39,"column":1}},"5":{"start":{"line":33,"column":46},"end":{"line":33,"column":61}},"6":{"start":{"line":34,"column":2},"end":{"line":37,"column":21}},"7":{"start":{"line":35,"column":20},"end":{"line":35,"column":69}},"8":{"start":{"line":35,"column":37},"end":{"line":35,"column":61}},"9":{"start":{"line":36,"column":4},"end":{"line":36,"column":39}},"10":{"start":{"line":36,"column":17},"end":{"line":36,"column":38}},"11":{"start":{"line":38,"column":2},"end":{"line":38,"column":24}},"12":{"start":{"line":42,"column":24},"end":{"line":42,"column":52}},"13":{"start":{"line":44,"column":72},"end":{"line":49,"column":1}},"14":{"start":{"line":45,"column":2},"end":{"line":48,"column":9}},"15":{"start":{"line":51,"column":90},"end":{"line":92,"column":1}},"16":{"start":{"line":56,"column":32},"end":{"line":75,"column":3}},"17":{"start":{"line":57,"column":18},"end":{"line":57,"column":34}},"18":{"start":{"line":58,"column":4},"end":{"line":60,"column":5}},"19":{"start":{"line":59,"column":6},"end":{"line":59,"column":61}},"20":{"start":{"line":61,"column":18},"end":{"line":61,"column":103}},"21":{"start":{"line":62,"column":4},"end":{"line":74,"column":6}},"22":{"start":{"line":65,"column":10},"end":{"line":71,"column":11}},"23":{"start":{"line":77,"column":2},"end":{"line":91,"column":4}},"24":{"start":{"line":95,"column":20},"end":{"line":104,"column":1}},"25":{"start":{"line":96,"column":2},"end":{"line":96,"column":31}},"26":{"start":{"line":96,"column":21},"end":{"line":96,"column":31}},"27":{"start":{"line":97,"column":2},"end":{"line":103,"column":3}},"28":{"start":{"line":98,"column":4},"end":{"line":100,"column":6}},"29":{"start":{"line":102,"column":4},"end":{"line":102,"column":24}},"30":{"start":{"line":106,"column":24},"end":{"line":119,"column":1}},"31":{"start":{"line":107,"column":15},"end":{"line":107,"column":25}},"32":{"start":{"line":108,"column":2},"end":{"line":118,"column":4}},"33":{"start":{"line":134,"column":32},"end":{"line":320,"column":1}},"34":{"start":{"line":135,"column":21},"end":{"line":135,"column":72}},"35":{"start":{"line":136,"column":40},"end":{"line":136,"column":52}},"36":{"start":{"line":137,"column":25},"end":{"line":137,"column":54}},"37":{"start":{"line":139,"column":32},"end":{"line":139,"column":55}},"38":{"start":{"line":140,"column":40},"end":{"line":140,"column":55}},"39":{"start":{"line":143,"column":50},"end":{"line":143,"column":73}},"40":{"start":{"line":144,"column":48},"end":{"line":144,"column":62}},"41":{"start":{"line":147,"column":2},"end":{"line":162,"column":9}},"42":{"start":{"line":148,"column":34},"end":{"line":160,"column":5}},"43":{"start":{"line":149,"column":6},"end":{"line":159,"column":7}},"44":{"start":{"line":150,"column":8},"end":{"line":150,"column":33}},"45":{"start":{"line":151,"column":18},"end":{"line":151,"column":115}},"46":{"start":{"line":152,"column":30},"end":{"line":152,"column":46}},"47":{"start":{"line":153,"column":25},"end":{"line":153,"column":64}},"48":{"start":{"line":154,"column":8},"end":{"line":154,"column":38}},"49":{"start":{"line":156,"column":8},"end":{"line":156,"column":76}},"50":{"start":{"line":158,"column":8},"end":{"line":158,"column":34}},"51":{"start":{"line":161,"column":4},"end":{"line":161,"column":28}},"52":{"start":{"line":165,"column":2},"end":{"line":222,"column":23}},"53":{"start":{"line":166,"column":20},"end":{"line":166,"column":25}},"54":{"start":{"line":168,"column":22},"end":{"line":216,"column":5}},"55":{"start":{"line":169,"column":16},"end":{"line":169,"column":37}},"56":{"start":{"line":170,"column":6},"end":{"line":173,"column":7}},"57":{"start":{"line":171,"column":8},"end":{"line":171,"column":23}},"58":{"start":{"line":172,"column":8},"end":{"line":172,"column":15}},"59":{"start":{"line":174,"column":6},"end":{"line":174,"column":27}},"60":{"start":{"line":175,"column":6},"end":{"line":215,"column":7}},"61":{"start":{"line":176,"column":20},"end":{"line":194,"column":10}},"62":{"start":{"line":196,"column":8},"end":{"line":196,"column":30}},"63":{"start":{"line":196,"column":23},"end":{"line":196,"column":30}},"64":{"start":{"line":198,"column":34},"end":{"line":208,"column":11}},"65":{"start":{"line":198,"column":69},"end":{"line":208,"column":9}},"66":{"start":{"line":209,"column":8},"end":{"line":209,"column":27}},"67":{"start":{"line":211,"column":8},"end":{"line":211,"column":52}},"68":{"start":{"line":212,"column":8},"end":{"line":212,"column":23}},"69":{"start":{"line":214,"column":8},"end":{"line":214,"column":46}},"70":{"start":{"line":214,"column":24},"end":{"line":214,"column":46}},"71":{"start":{"line":218,"column":4},"end":{"line":218,"column":16}},"72":{"start":{"line":219,"column":4},"end":{"line":221,"column":6}},"73":{"start":{"line":220,"column":6},"end":{"line":220,"column":23}},"74":{"start":{"line":224,"column":29},"end":{"line":231,"column":3}},"75":{"start":{"line":225,"column":4},"end":{"line":225,"column":36}},"76":{"start":{"line":225,"column":29},"end":{"line":225,"column":36}},"77":{"start":{"line":226,"column":4},"end":{"line":226,"column":23}},"78":{"start":{"line":227,"column":4},"end":{"line":230,"column":7}},"79":{"start":{"line":233,"column":26},"end":{"line":268,"column":3}},"80":{"start":{"line":234,"column":4},"end":{"line":267,"column":17}},"81":{"start":{"line":238,"column":12},"end":{"line":241,"column":31}},"82":{"start":{"line":238,"column":76},"end":{"line":238,"column":96}},"83":{"start":{"line":253,"column":34},"end":{"line":253,"column":41}},"84":{"start":{"line":257,"column":14},"end":{"line":262,"column":21}},"85":{"start":{"line":260,"column":33},"end":{"line":260,"column":93}},"86":{"start":{"line":270,"column":30},"end":{"line":293,"column":3}},"87":{"start":{"line":271,"column":4},"end":{"line":292,"column":11}},"88":{"start":{"line":277,"column":32},"end":{"line":277,"column":39}},"89":{"start":{"line":279,"column":12},"end":{"line":283,"column":14}},"90":{"start":{"line":282,"column":29},"end":{"line":282,"column":89}},"91":{"start":{"line":295,"column":2},"end":{"line":319,"column":4}},"92":{"start":{"line":322,"column":15},"end":{"line":421,"column":2}}},"fnMap":{"0":{"name":"(anonymous_0)","decl":{"start":{"line":32,"column":20},"end":{"line":32,"column":21}},"loc":{"start":{"line":32,"column":54},"end":{"line":39,"column":1}},"line":32},"1":{"name":"(anonymous_1)","decl":{"start":{"line":34,"column":12},"end":{"line":34,"column":13}},"loc":{"start":{"line":34,"column":18},"end":{"line":37,"column":3}},"line":34},"2":{"name":"(anonymous_2)","decl":{"start":{"line":35,"column":31},"end":{"line":35,"column":32}},"loc":{"start":{"line":35,"column":37},"end":{"line":35,"column":61}},"line":35},"3":{"name":"(anonymous_3)","decl":{"start":{"line":36,"column":11},"end":{"line":36,"column":12}},"loc":{"start":{"line":36,"column":17},"end":{"line":36,"column":38}},"line":36},"4":{"name":"(anonymous_4)","decl":{"start":{"line":44,"column":72},"end":{"line":44,"column":73}},"loc":{"start":{"line":45,"column":2},"end":{"line":48,"column":9}},"line":45},"5":{"name":"(anonymous_5)","decl":{"start":{"line":51,"column":90},"end":{"line":51,"column":91}},"loc":{"start":{"line":55,"column":6},"end":{"line":92,"column":1}},"line":55},"6":{"name":"(anonymous_6)","decl":{"start":{"line":56,"column":32},"end":{"line":56,"column":33}},"loc":{"start":{"line":56,"column":38},"end":{"line":75,"column":3}},"line":56},"7":{"name":"(anonymous_7)","decl":{"start":{"line":64,"column":19},"end":{"line":64,"column":20}},"loc":{"start":{"line":65,"column":10},"end":{"line":71,"column":11}},"line":65},"8":{"name":"(anonymous_8)","decl":{"start":{"line":95,"column":20},"end":{"line":95,"column":21}},"loc":{"start":{"line":95,"column":40},"end":{"line":104,"column":1}},"line":95},"9":{"name":"(anonymous_9)","decl":{"start":{"line":106,"column":24},"end":{"line":106,"column":25}},"loc":{"start":{"line":106,"column":88},"end":{"line":119,"column":1}},"line":106},"10":{"name":"(anonymous_10)","decl":{"start":{"line":134,"column":32},"end":{"line":134,"column":33}},"loc":{"start":{"line":134,"column":38},"end":{"line":320,"column":1}},"line":134},"11":{"name":"(anonymous_11)","decl":{"start":{"line":147,"column":12},"end":{"line":147,"column":13}},"loc":{"start":{"line":147,"column":18},"end":{"line":162,"column":3}},"line":147},"12":{"name":"(anonymous_12)","decl":{"start":{"line":148,"column":34},"end":{"line":148,"column":35}},"loc":{"start":{"line":148,"column":46},"end":{"line":160,"column":5}},"line":148},"13":{"name":"(anonymous_13)","decl":{"start":{"line":165,"column":12},"end":{"line":165,"column":13}},"loc":{"start":{"line":165,"column":18},"end":{"line":222,"column":3}},"line":165},"14":{"name":"(anonymous_14)","decl":{"start":{"line":168,"column":22},"end":{"line":168,"column":23}},"loc":{"start":{"line":168,"column":34},"end":{"line":216,"column":5}},"line":168},"15":{"name":"(anonymous_15)","decl":{"start":{"line":198,"column":47},"end":{"line":198,"column":48}},"loc":{"start":{"line":198,"column":69},"end":{"line":208,"column":9}},"line":198},"16":{"name":"(anonymous_16)","decl":{"start":{"line":219,"column":11},"end":{"line":219,"column":12}},"loc":{"start":{"line":219,"column":17},"end":{"line":221,"column":5}},"line":219},"17":{"name":"(anonymous_17)","decl":{"start":{"line":224,"column":29},"end":{"line":224,"column":30}},"loc":{"start":{"line":224,"column":35},"end":{"line":231,"column":3}},"line":224},"18":{"name":"(anonymous_18)","decl":{"start":{"line":233,"column":26},"end":{"line":233,"column":27}},"loc":{"start":{"line":234,"column":4},"end":{"line":267,"column":17}},"line":234},"19":{"name":"(anonymous_19)","decl":{"start":{"line":237,"column":31},"end":{"line":237,"column":32}},"loc":{"start":{"line":238,"column":12},"end":{"line":241,"column":31}},"line":238},"20":{"name":"(anonymous_20)","decl":{"start":{"line":238,"column":70},"end":{"line":238,"column":71}},"loc":{"start":{"line":238,"column":76},"end":{"line":238,"column":96}},"line":238},"21":{"name":"(anonymous_21)","decl":{"start":{"line":253,"column":26},"end":{"line":253,"column":27}},"loc":{"start":{"line":253,"column":34},"end":{"line":253,"column":41}},"line":253},"22":{"name":"(anonymous_22)","decl":{"start":{"line":256,"column":24},"end":{"line":256,"column":25}},"loc":{"start":{"line":257,"column":14},"end":{"line":262,"column":21}},"line":257},"23":{"name":"(anonymous_23)","decl":{"start":{"line":260,"column":27},"end":{"line":260,"column":28}},"loc":{"start":{"line":260,"column":33},"end":{"line":260,"column":93}},"line":260},"24":{"name":"(anonymous_24)","decl":{"start":{"line":270,"column":30},"end":{"line":270,"column":31}},"loc":{"start":{"line":271,"column":4},"end":{"line":292,"column":11}},"line":271},"25":{"name":"(anonymous_25)","decl":{"start":{"line":277,"column":24},"end":{"line":277,"column":25}},"loc":{"start":{"line":277,"column":32},"end":{"line":277,"column":39}},"line":277},"26":{"name":"(anonymous_26)","decl":{"start":{"line":278,"column":22},"end":{"line":278,"column":23}},"loc":{"start":{"line":279,"column":12},"end":{"line":283,"column":14}},"line":279},"27":{"name":"(anonymous_27)","decl":{"start":{"line":282,"column":23},"end":{"line":282,"column":24}},"loc":{"start":{"line":282,"column":29},"end":{"line":282,"column":89}},"line":282}},"branchMap":{"0":{"loc":{"start":{"line":57,"column":18},"end":{"line":57,"column":34}},"type":"binary-expr","locations":[{"start":{"line":57,"column":18},"end":{"line":57,"column":28}},{"start":{"line":57,"column":32},"end":{"line":57,"column":34}}],"line":57},"1":{"loc":{"start":{"line":58,"column":4},"end":{"line":60,"column":5}},"type":"if","locations":[{"start":{"line":58,"column":4},"end":{"line":60,"column":5}},{"start":{},"end":{}}],"line":58},"2":{"loc":{"start":{"line":65,"column":10},"end":{"line":71,"column":11}},"type":"cond-expr","locations":[{"start":{"line":66,"column":12},"end":{"line":68,"column":19}},{"start":{"line":70,"column":12},"end":{"line":70,"column":16}}],"line":65},"3":{"loc":{"start":{"line":83,"column":9},"end":{"line":87,"column":9}},"type":"binary-expr","locations":[{"start":{"line":83,"column":9},"end":{"line":83,"column":17}},{"start":{"line":83,"column":21},"end":{"line":83,"column":29}},{"start":{"line":84,"column":10},"end":{"line":86,"column":17}}],"line":83},"4":{"loc":{"start":{"line":96,"column":2},"end":{"line":96,"column":31}},"type":"if","locations":[{"start":{"line":96,"column":2},"end":{"line":96,"column":31}},{"start":{},"end":{}}],"line":96},"5":{"loc":{"start":{"line":113,"column":14},"end":{"line":113,"column":52}},"type":"binary-expr","locations":[{"start":{"line":113,"column":14},"end":{"line":113,"column":39}},{"start":{"line":113,"column":43},"end":{"line":113,"column":52}}],"line":113},"6":{"loc":{"start":{"line":117,"column":20},"end":{"line":117,"column":45}},"type":"binary-expr","locations":[{"start":{"line":117,"column":20},"end":{"line":117,"column":39}},{"start":{"line":117,"column":43},"end":{"line":117,"column":45}}],"line":117},"7":{"loc":{"start":{"line":170,"column":6},"end":{"line":173,"column":7}},"type":"if","locations":[{"start":{"line":170,"column":6},"end":{"line":173,"column":7}},{"start":{},"end":{}}],"line":170},"8":{"loc":{"start":{"line":196,"column":8},"end":{"line":196,"column":30}},"type":"if","locations":[{"start":{"line":196,"column":8},"end":{"line":196,"column":30}},{"start":{},"end":{}}],"line":196},"9":{"loc":{"start":{"line":200,"column":17},"end":{"line":200,"column":31}},"type":"binary-expr","locations":[{"start":{"line":200,"column":17},"end":{"line":200,"column":25}},{"start":{"line":200,"column":29},"end":{"line":200,"column":31}}],"line":200},"10":{"loc":{"start":{"line":201,"column":17},"end":{"line":201,"column":31}},"type":"binary-expr","locations":[{"start":{"line":201,"column":17},"end":{"line":201,"column":26}},{"start":{"line":201,"column":30},"end":{"line":201,"column":31}}],"line":201},"11":{"loc":{"start":{"line":202,"column":17},"end":{"line":202,"column":35}},"type":"binary-expr","locations":[{"start":{"line":202,"column":17},"end":{"line":202,"column":29}},{"start":{"line":202,"column":33},"end":{"line":202,"column":35}}],"line":202},"12":{"loc":{"start":{"line":203,"column":21},"end":{"line":203,"column":43}},"type":"binary-expr","locations":[{"start":{"line":203,"column":21},"end":{"line":203,"column":30}},{"start":{"line":203,"column":34},"end":{"line":203,"column":43}}],"line":203},"13":{"loc":{"start":{"line":207,"column":26},"end":{"line":207,"column":50}},"type":"binary-expr","locations":[{"start":{"line":207,"column":26},"end":{"line":207,"column":44}},{"start":{"line":207,"column":48},"end":{"line":207,"column":50}}],"line":207},"14":{"loc":{"start":{"line":214,"column":8},"end":{"line":214,"column":46}},"type":"if","locations":[{"start":{"line":214,"column":8},"end":{"line":214,"column":46}},{"start":{},"end":{}}],"line":214},"15":{"loc":{"start":{"line":225,"column":4},"end":{"line":225,"column":36}},"type":"if","locations":[{"start":{"line":225,"column":4},"end":{"line":225,"column":36}},{"start":{},"end":{}}],"line":225},"16":{"loc":{"start":{"line":246,"column":7},"end":{"line":266,"column":7}},"type":"cond-expr","locations":[{"start":{"line":247,"column":8},"end":{"line":247,"column":84}},{"start":{"line":249,"column":8},"end":{"line":265,"column":18}}],"line":246},"17":{"loc":{"start":{"line":272,"column":7},"end":{"line":291,"column":7}},"type":"cond-expr","locations":[{"start":{"line":273,"column":8},"end":{"line":273,"column":84}},{"start":{"line":275,"column":8},"end":{"line":290,"column":10}}],"line":272},"18":{"loc":{"start":{"line":317,"column":7},"end":{"line":317,"column":80}},"type":"cond-expr","locations":[{"start":{"line":317,"column":39},"end":{"line":317,"column":60}},{"start":{"line":317,"column":63},"end":{"line":317,"column":80}}],"line":317}},"s":{"0":0,"1":0,"2":0,"3":0,"4":0,"5":0,"6":0,"7":0,"8":0,"9":0,"10":0,"11":0,"12":0,"13":0,"14":0,"15":0,"16":0,"17":0,"18":0,"19":0,"20":0,"21":0,"22":0,"23":0,"24":0,"25":0,"26":0,"27":0,"28":0,"29":0,"30":0,"31":0,"32":0,"33":0,"34":0,"35":0,"36":0,"37":0,"38":0,"39":0,"40":0,"41":0,"42":0,"43":0,"44":0,"45":0,"46":0,"47":0,"48":0,"49":0,"50":0,"51":0,"52":0,"53":0,"54":0,"55":0,"56":0,"57":0,"58":0,"59":0,"60":0,"61":0,"62":0,"63":0,"64":0,"65":0,"66":0,"67":0,"68":0,"69":0,"70":0,"71":0,"72":0,"73":0,"74":0,"75":0,"76":0,"77":0,"78":0,"79":0,"80":0,"81":0,"82":0,"83":0,"84":0,"85":0,"86":0,"87":0,"88":0,"89":0,"90":0,"91":0,"92":0},"f":{"0":0,"1":0,"2":0,"3":0,"4":0,"5":0,"6":0,"7":0,"8":0,"9":0,"10":0,"11":0,"12":0,"13":0,"14":0,"15":0,"16":0,"17":0,"18":0,"19":0,"20":0,"21":0,"22":0,"23":0,"24":0,"25":0,"26":0,"27":0},"b":{"0":[0,0],"1":[0,0],"2":[0,0],"3":[0,0,0],"4":[0,0],"5":[0,0],"6":[0,0],"7":[0,0],"8":[0,0],"9":[0,0],"10":[0,0],"11":[0,0],"12":[0,0],"13":[0,0],"14":[0,0],"15":[0,0],"16":[0,0],"17":[0,0],"18":[0,0]}}
,"/app/src/screens/CategorySelectionScreen.tsx": {"path":"/app/src/screens/CategorySelectionScreen.tsx","statementMap":{"0":{"start":{"line":14,"column":5},"end":{"line":20,"column":1}},"1":{"start":{"line":22,"column":32},"end":{"line":56,"column":1}},"2":{"start":{"line":23,"column":21},"end":{"line":23,"column":36}},"3":{"start":{"line":24,"column":26},"end":{"line":24,"column":38}},"4":{"start":{"line":26,"column":23},"end":{"line":29,"column":3}},"5":{"start":{"line":27,"column":4},"end":{"line":27,"column":62}},"6":{"start":{"line":28,"column":4},"end":{"line":28,"column":24}},"7":{"start":{"line":31,"column":21},"end":{"line":36,"column":3}},"8":{"start":{"line":32,"column":4},"end":{"line":35,"column":23}},"9":{"start":{"line":32,"column":57},"end":{"line":32,"column":79}},"10":{"start":{"line":38,"column":2},"end":{"line":55,"column":4}},"11":{"start":{"line":41,"column":41},"end":{"line":41,"column":60}},"12":{"start":{"line":50,"column":30},"end":{"line":50,"column":38}},"13":{"start":{"line":58,"column":15},"end":{"line":92,"column":2}}},"fnMap":{"0":{"name":"(anonymous_0)","decl":{"start":{"line":22,"column":32},"end":{"line":22,"column":33}},"loc":{"start":{"line":22,"column":38},"end":{"line":56,"column":1}},"line":22},"1":{"name":"(anonymous_1)","decl":{"start":{"line":26,"column":23},"end":{"line":26,"column":24}},"loc":{"start":{"line":26,"column":57},"end":{"line":29,"column":3}},"line":26},"2":{"name":"(anonymous_2)","decl":{"start":{"line":31,"column":21},"end":{"line":31,"column":22}},"loc":{"start":{"line":32,"column":4},"end":{"line":35,"column":23}},"line":32},"3":{"name":"(anonymous_3)","decl":{"start":{"line":32,"column":51},"end":{"line":32,"column":52}},"loc":{"start":{"line":32,"column":57},"end":{"line":32,"column":79}},"line":32},"4":{"name":"(anonymous_4)","decl":{"start":{"line":41,"column":35},"end":{"line":41,"column":36}},"loc":{"start":{"line":41,"column":41},"end":{"line":41,"column":60}},"line":41},"5":{"name":"(anonymous_5)","decl":{"start":{"line":50,"column":22},"end":{"line":50,"column":23}},"loc":{"start":{"line":50,"column":30},"end":{"line":50,"column":38}},"line":50}},"branchMap":{"0":{"loc":{"start":{"line":27,"column":16},"end":{"line":27,"column":60}},"type":"cond-expr","locations":[{"start":{"line":27,"column":40},"end":{"line":27,"column":49}},{"start":{"line":27,"column":52},"end":{"line":27,"column":60}}],"line":27}},"s":{"0":0,"1":0,"2":0,"3":0,"4":0,"5":0,"6":0,"7":0,"8":0,"9":0,"10":0,"11":0,"12":0,"13":0},"f":{"0":0,"1":0,"2":0,"3":0,"4":0,"5":0},"b":{"0":[0,0]}}
,"/app/src/screens/CreateProfileScreen.tsx": {"path":"/app/src/screens/CreateProfileScreen.tsx","statementMap":{"0":{"start":{"line":27,"column":38},"end":{"line":115,"column":1}},"1":{"start":{"line":28,"column":21},"end":{"line":28,"column":72}},"2":{"start":{"line":29,"column":16},"end":{"line":29,"column":56}},"3":{"start":{"line":30,"column":82},"end":{"line":30,"column":94}},"4":{"start":{"line":32,"column":36},"end":{"line":32,"column":67}},"5":{"start":{"line":33,"column":34},"end":{"line":33,"column":64}},"6":{"start":{"line":34,"column":40},"end":{"line":34,"column":52}},"7":{"start":{"line":35,"column":42},"end":{"line":35,"column":57}},"8":{"start":{"line":37,"column":30},"end":{"line":63,"column":3}},"9":{"start":{"line":39,"column":4},"end":{"line":42,"column":5}},"10":{"start":{"line":40,"column":6},"end":{"line":40,"column":109}},"11":{"start":{"line":41,"column":6},"end":{"line":41,"column":13}},"12":{"start":{"line":44,"column":4},"end":{"line":44,"column":26}},"13":{"start":{"line":45,"column":4},"end":{"line":62,"column":5}},"14":{"start":{"line":47,"column":25},"end":{"line":47,"column":49}},"15":{"start":{"line":48,"column":6},"end":{"line":54,"column":9}},"16":{"start":{"line":56,"column":6},"end":{"line":56,"column":26}},"17":{"start":{"line":58,"column":6},"end":{"line":58,"column":55}},"18":{"start":{"line":59,"column":6},"end":{"line":59,"column":92}},"19":{"start":{"line":61,"column":6},"end":{"line":61,"column":29}},"20":{"start":{"line":65,"column":2},"end":{"line":114,"column":4}},"21":{"start":{"line":117,"column":15},"end":{"line":166,"column":2}}},"fnMap":{"0":{"name":"(anonymous_0)","decl":{"start":{"line":27,"column":38},"end":{"line":27,"column":39}},"loc":{"start":{"line":27,"column":44},"end":{"line":115,"column":1}},"line":27},"1":{"name":"(anonymous_1)","decl":{"start":{"line":37,"column":30},"end":{"line":37,"column":31}},"loc":{"start":{"line":37,"column":42},"end":{"line":63,"column":3}},"line":37}},"branchMap":{"0":{"loc":{"start":{"line":32,"column":45},"end":{"line":32,"column":66}},"type":"binary-expr","locations":[{"start":{"line":32,"column":45},"end":{"line":32,"column":60}},{"start":{"line":32,"column":64},"end":{"line":32,"column":66}}],"line":32},"1":{"loc":{"start":{"line":33,"column":43},"end":{"line":33,"column":63}},"type":"binary-expr","locations":[{"start":{"line":33,"column":43},"end":{"line":33,"column":57}},{"start":{"line":33,"column":61},"end":{"line":33,"column":63}}],"line":33},"2":{"loc":{"start":{"line":39,"column":4},"end":{"line":42,"column":5}},"type":"if","locations":[{"start":{"line":39,"column":4},"end":{"line":42,"column":5}},{"start":{},"end":{}}],"line":39},"3":{"loc":{"start":{"line":39,"column":8},"end":{"line":39,"column":68}},"type":"binary-expr","locations":[{"start":{"line":39,"column":8},"end":{"line":39,"column":25}},{"start":{"line":39,"column":29},"end":{"line":39,"column":45}},{"start":{"line":39,"column":49},"end":{"line":39,"column":68}}],"line":39},"4":{"loc":{"start":{"line":68,"column":38},"end":{"line":68,"column":82}},"type":"cond-expr","locations":[{"start":{"line":68,"column":62},"end":{"line":68,"column":71}},{"start":{"line":68,"column":74},"end":{"line":68,"column":82}}],"line":68}},"s":{"0":0,"1":0,"2":0,"3":0,"4":0,"5":0,"6":0,"7":0,"8":0,"9":0,"10":0,"11":0,"12":0,"13":0,"14":0,"15":0,"16":0,"17":0,"18":0,"19":0,"20":0,"21":0},"f":{"0":0,"1":0},"b":{"0":[0,0],"1":[0,0],"2":[0,0],"3":[0,0,0],"4":[0,0]}}
[...]
:35},"end":{"line":66,"column":36}},"loc":{"start":{"line":66,"column":41},"end":{"line":68,"column":3}},"line":66},"16":{"name":"(anonymous_16)","decl":{"start":{"line":71,"column":38},"end":{"line":71,"column":39}},"loc":{"start":{"line":71,"column":44},"end":{"line":80,"column":5}},"line":71},"17":{"name":"(anonymous_17)","decl":{"start":{"line":84,"column":4},"end":{"line":84,"column":5}},"loc":{"start":{"line":84,"column":11},"end":{"line":94,"column":5}},"line":84},"18":{"name":"(anonymous_18)","decl":{"start":{"line":102,"column":26},"end":{"line":102,"column":27}},"loc":{"start":{"line":102,"column":32},"end":{"line":106,"column":1}},"line":102}},"branchMap":{"0":{"loc":{"start":{"line":47,"column":24},"end":{"line":49,"column":41}},"type":"cond-expr","locations":[{"start":{"line":48,"column":10},"end":{"line":48,"column":53}},{"start":{"line":49,"column":10},"end":{"line":49,"column":41}}],"line":47},"1":{"loc":{"start":{"line":49,"column":15},"end":{"line":49,"column":32}},"type":"binary-expr","locations":[{"start":{"line":49,"column":15},"end":{"line":49,"column":26}},{"start":{"line":49,"column":30},"end":{"line":49,"column":32}}],"line":49},"2":{"loc":{"start":{"line":73,"column":8},"end":{"line":73,"column":38}},"type":"if","locations":[{"start":{"line":73,"column":8},"end":{"line":73,"column":38}},{"start":{},"end":{}}],"line":73},"3":{"loc":{"start":{"line":74,"column":8},"end":{"line":74,"column":58}},"type":"if","locations":[{"start":{"line":74,"column":8},"end":{"line":74,"column":58}},{"start":{},"end":{}}],"line":74},"4":{"loc":{"start":{"line":74,"column":12},"end":{"line":74,"column":48}},"type":"binary-expr","locations":[{"start":{"line":74,"column":12},"end":{"line":74,"column":28}},{"start":{"line":74,"column":32},"end":{"line":74,"column":48}}],"line":74},"5":{"loc":{"start":{"line":75,"column":8},"end":{"line":75,"column":88}},"type":"if","locations":[{"start":{"line":75,"column":8},"end":{"line":75,"column":88}},{"start":{},"end":{}}],"line":75},"6":{"loc":{"start":{"line":75,"column":12},"end":{"line":75,"column":55}},"type":"binary-expr","locations":[{"start":{"line":75,"column":12},"end":{"line":75,"column":26}},{"start":{"line":75,"column":30},"end":{"line":75,"column":55}}],"line":75},"7":{"loc":{"start":{"line":76,"column":8},"end":{"line":76,"column":48}},"type":"if","locations":[{"start":{"line":76,"column":8},"end":{"line":76,"column":48}},{"start":{},"end":{}}],"line":76},"8":{"loc":{"start":{"line":76,"column":12},"end":{"line":76,"column":38}},"type":"binary-expr","locations":[{"start":{"line":76,"column":12},"end":{"line":76,"column":23}},{"start":{"line":76,"column":27},"end":{"line":76,"column":38}}],"line":76},"9":{"loc":{"start":{"line":77,"column":8},"end":{"line":77,"column":41}},"type":"if","locations":[{"start":{"line":77,"column":8},"end":{"line":77,"column":41}},{"start":{},"end":{}}],"line":77},"10":{"loc":{"start":{"line":78,"column":8},"end":{"line":78,"column":39}},"type":"if","locations":[{"start":{"line":78,"column":8},"end":{"line":78,"column":39}},{"start":{},"end":{}}],"line":78},"11":{"loc":{"start":{"line":104,"column":2},"end":{"line":104,"column":79}},"type":"if","locations":[{"start":{"line":104,"column":2},"end":{"line":104,"column":79}},{"start":{},"end":{}}],"line":104}},"s":{"0":0,"1":0,"2":0,"3":0,"4":0,"5":0,"6":0,"7":0,"8":0,"9":0,"10":0,"11":0,"12":0,"13":0,"14":0,"15":0,"16":0,"17":0,"18":0,"19":0,"20":0,"21":0,"22":0,"23":0,"24":0,"25":0,"26":0,"27":0,"28":0,"29":0,"30":0,"31":0,"32":0,"33":0,"34":0,"35":0,"36":0,"37":0,"38":0,"39":0,"40":0,"41":0,"42":0,"43":0,"44":0,"45":0,"46":0,"47":0,"48":0,"49":0,"50":0},"f":{"0":0,"1":0,"2":0,"3":0,"4":0,"5":0,"6":0,"7":0,"8":0,"9":0,"10":0,"11":0,"12":0,"13":0,"14":0,"15":0,"16":0,"17":0,"18":0},"b":{"0":[0,0],"1":[0,0],"2":[0,0],"3":[0,0],"4":[0,0],"5":[0,0],"6":[0,0],"7":[0,0],"8":[0,0],"9":[0,0],"10":[0,0],"11":[0,0]}}
,"/app/src/store/ProductContext.tsx": {"path":"/app/src/store/ProductContext.tsx","statementMap":{"0":{"start":{"line":16,"column":33},"end":{"line":39,"column":1}},"1":{"start":{"line":17,"column":2},"end":{"line":38,"column":3}},"2":{"start":{"line":18,"column":4},"end":{"line":18,"column":53}},"3":{"start":{"line":19,"column":29},"end":{"line":19,"column":53}},"4":{"start":{"line":20,"column":14},"end":{"line":20,"column":66}},"5":{"start":{"line":21,"column":26},"end":{"line":21,"column":42}},"6":{"start":{"line":23,"column":28},"end":{"line":31,"column":6}},"7":{"start":{"line":24,"column":19},"end":{"line":24,"column":29}},"8":{"start":{"line":25,"column":6},"end":{"line":30,"column":8}},"9":{"start":{"line":33,"column":4},"end":{"line":33,"column":63}},"10":{"start":{"line":34,"column":4},"end":{"line":34,"column":18}},"11":{"start":{"line":36,"column":4},"end":{"line":36,"column":52}},"12":{"start":{"line":37,"column":4},"end":{"line":37,"column":14}},"13":{"start":{"line":49,"column":23},"end":{"line":49,"column":69}},"14":{"start":{"line":52,"column":72},"end":{"line":129,"column":1}},"15":{"start":{"line":53,"column":30},"end":{"line":53,"column":51}},"16":{"start":{"line":54,"column":44},"end":{"line":54,"column":58}},"17":{"start":{"line":57,"column":23},"end":{"line":57,"column":62}},"18":{"start":{"line":59,"column":2},"end":{"line":67,"column":9}},"19":{"start":{"line":60,"column":28},"end":{"line":65,"column":5}},"20":{"start":{"line":61,"column":6},"end":{"line":61,"column":29}},"21":{"start":{"line":62,"column":28},"end":{"line":62,"column":53}},"22":{"start":{"line":63,"column":6},"end":{"line":63,"column":31}},"23":{"start":{"line":64,"column":6},"end":{"line":64,"column":30}},"24":{"start":{"line":66,"column":4},"end":{"line":66,"column":22}},"25":{"start":{"line":70,"column":25},"end":{"line":108,"column":3}},"26":{"start":{"line":72,"column":6},"end":{"line":105,"column":7}},"27":{"start":{"line":73,"column":23},"end":{"line":73,"column":46}},"28":{"start":{"line":74,"column":24},"end":{"line":74,"column":44}},"29":{"start":{"line":76,"column":8},"end":{"line":98,"column":9}},"30":{"start":{"line":77,"column":23},"end":{"line":77,"column":37}},"31":{"start":{"line":78,"column":10},"end":{"line":97,"column":11}},"32":{"start":{"line":79,"column":30},"end":{"line":79,"column":50}},"33":{"start":{"line":80,"column":37},"end":{"line":93,"column":13}},"34":{"start":{"line":95,"column":12},"end":{"line":95,"column":42}},"35":{"start":{"line":96,"column":12},"end":{"line":96,"column":27}},"36":{"start":{"line":100,"column":8},"end":{"line":100,"column":79}},"37":{"start":{"line":101,"column":8},"end":{"line":101,"column":25}},"38":{"start":{"line":103,"column":8},"end":{"line":103,"column":73}},"39":{"start":{"line":104,"column":8},"end":{"line":104,"column":25}},"40":{"start":{"line":111,"column":30},"end":{"line":116,"column":3}},"41":{"start":{"line":113,"column":6},"end":{"line":113,"column":34}},"42":{"start":{"line":118,"column":36},"end":{"line":126,"column":3}},"43":{"start":{"line":119,"column":11},"end":{"line":124,"column":5}},"44":{"start":{"line":128,"column":2},"end":{"line":128,"column":85}},"45":{"start":{"line":132,"column":27},"end":{"line":136,"column":1}},"46":{"start":{"line":133,"column":14},"end":{"line":133,"column":40}},"47":{"start":{"line":134,"column":2},"end":{"line":134,"column":81}},"48":{"start":{"line":134,"column":12},"end":{"line":134,"column":81}},"49":{"start":{"line":135,"column":2},"end":{"line":135,"column":13}}},"fnMap":{"0":{"name":"(anonymous_0)","decl":{"start":{"line":16,"column":33},"end":{"line":16,"column":34}},"loc":{"start":{"line":16,"column":63},"end":{"line":39,"column":1}},"line":16},"1":{"name":"(anonymous_1)","decl":{"start":{"line":23,"column":51},"end":{"line":23,"column":52}},"loc":{"start":{"line":23,"column":106},"end":{"line":31,"column":5}},"line":23},"2":{"name":"(anonymous_2)","decl":{"start":{"line":52,"column":72},"end":{"line":52,"column":73}},"loc":{"start":{"line":52,"column":90},"end":{"line":129,"column":1}},"line":52},"3":{"name":"(anonymous_3)","decl":{"start":{"line":59,"column":12},"end":{"line":59,"column":13}},"loc":{"start":{"line":59,"column":18},"end":{"line":67,"column":3}},"line":59},"4":{"name":"(anonymous_4)","decl":{"start":{"line":60,"column":28},"end":{"line":60,"column":29}},"loc":{"start":{"line":60,"column":40},"end":{"line":65,"column":5}},"line":60},"5":{"name":"(anonymous_5)","decl":{"start":{"line":71,"column":4},"end":{"line":71,"column":5}},"loc":{"start":{"line":71,"column":56},"end":{"line":106,"column":5}},"line":71},"6":{"name":"(anonymous_6)","decl":{"start":{"line":112,"column":4},"end":{"line":112,"column":5}},"loc":{"start":{"line":112,"column":41},"end":{"line":114,"column":5}},"line":112},"7":{"name":"(anonymous_7)","decl":{"start":{"line":119,"column":4},"end":{"line":119,"column":5}},"loc":{"start":{"line":119,"column":11},"end":{"line":124,"column":5}},"line":119},"8":{"name":"(anonymous_8)","decl":{"start":{"line":132,"column":27},"end":{"line":132,"column":28}},"loc":{"start":{"line":132,"column":33},"end":{"line":136,"column":1}},"line":132}},"branchMap":{"0":{"loc":{"start":{"line":76,"column":8},"end":{"line":98,"column":9}},"type":"if","locations":[{"start":{"line":76,"column":8},"end":{"line":98,"column":9}},{"start":{},"end":{}}],"line":76},"1":{"loc":{"start":{"line":78,"column":10},"end":{"line":97,"column":11}},"type":"if","locations":[{"start":{"line":78,"column":10},"end":{"line":97,"column":11}},{"start":{},"end":{}}],"line":78},"2":{"loc":{"start":{"line":79,"column":30},"end":{"line":79,"column":50}},"type":"binary-expr","locations":[{"start":{"line":79,"column":30},"end":{"line":79,"column":44}},{"start":{"line":79,"column":48},"end":{"line":79,"column":50}}],"line":79},"3":{"loc":{"start":{"line":84,"column":21},"end":{"line":84,"column":78}},"type":"cond-expr","locations":[{"start":{"line":84,"column":44},"end":{"line":84,"column":56}},{"start":{"line":84,"column":59},"end":{"line":84,"column":78}}],"line":84},"4":{"loc":{"start":{"line":84,"column":59},"end":{"line":84,"column":78}},"type":"binary-expr","locations":[{"start":{"line":84,"column":59},"end":{"line":84,"column":72}},{"start":{"line":84,"column":76},"end":{"line":84,"column":78}}],"line":84},"5":{"loc":{"start":{"line":86,"column":24},"end":{"line":86,"column":62}},"type":"binary-expr","locations":[{"start":{"line":86,"column":24},"end":{"line":86,"column":49}},{"start":{"line":86,"column":53},"end":{"line":86,"column":62}}],"line":86},"6":{"loc":{"start":{"line":92,"column":30},"end":{"line":92,"column":55}},"type":"binary-expr","locations":[{"start":{"line":92,"column":30},"end":{"line":92,"column":49}},{"start":{"line":92,"column":53},"end":{"line":92,"column":55}}],"line":92},"7":{"loc":{"start":{"line":134,"column":2},"end":{"line":134,"column":81}},"type":"if","locations":[{"start":{"line":134,"column":2},"end":{"line":134,"column":81}},{"start":{},"end":{}}],"line":134}},"s":{"0":0,"1":0,"2":0,"3":0,"4":0,"5":0,"6":0,"7":0,"8":0,"9":0,"10":0,"11":0,"12":0,"13":0,"14":0,"15":0,"16":0,"17":0,"18":0,"19":0,"20":0,"21":0,"22":0,"23":0,"24":0,"25":0,"26":0,"27":0,"28":0,"29":0,"30":0,"31":0,"32":0,"33":0,"34":0,"35":0,"36":0,"37":0,"38":0,"39":0,"40":0,"41":0,"42":0,"43":0,"44":0,"45":0,"46":0,"47":0,"48":0,"49":0},"f":{"0":0,"1":0,"2":0,"3":0,"4":0,"5":0,"6":0,"7":0,"8":0},"b":{"0":[0,0],"1":[0,0],"2":[0,0],"3":[0,0],"4":[0,0],"5":[0,0],"6":[0,0],"7":[0,0]}}
,"/app/src/store/StoreContext.tsx": {"path":"/app/src/store/StoreContext.tsx","statementMap":{"0":{"start":{"line":16,"column":28},"end":{"line":18,"column":1}},"1":{"start":{"line":22,"column":2},"end":{"line":27,"column":3}},"2":{"start":{"line":24,"column":6},"end":{"line":24,"column":45}},"3":{"start":{"line":26,"column":6},"end":{"line":26,"column":19}},"4":{"start":{"line":38,"column":21},"end":{"line":38,"column":65}},"5":{"start":{"line":41,"column":70},"end":{"line":129,"column":1}},"6":{"start":{"line":42,"column":28},"end":{"line":42,"column":61}},"7":{"start":{"line":44,"column":2},"end":{"line":85,"column":9}},"8":{"start":{"line":46,"column":23},"end":{"line":83,"column":6}},"9":{"start":{"line":47,"column":6},"end":{"line":82,"column":7}},"10":{"start":{"line":48,"column":8},"end":{"line":79,"column":9}},"11":{"start":{"line":49,"column":29},"end":{"line":49,"column":63}},"12":{"start":{"line":50,"column":26},"end":{"line":50,"column":50}},"13":{"start":{"line":52,"column":10},"end":{"line":75,"column":11}},"14":{"start":{"line":53,"column":29},"end":{"line":53,"column":86}},"15":{"start":{"line":54,"column":29},"end":{"line":54,"column":73}},"16":{"start":{"line":55,"column":40},"end":{"line":63,"column":13}},"17":{"start":{"line":64,"column":12},"end":{"line":64,"column":64}},"18":{"start":{"line":67,"column":39},"end":{"line":73,"column":13}},"19":{"start":{"line":74,"column":12},"end":{"line":74,"column":63}},"20":{"start":{"line":77,"column":10},"end":{"line":77,"column":88}},"21":{"start":{"line":78,"column":10},"end":{"line":78,"column":53}},"22":{"start":{"line":81,"column":8},"end":{"line":81,"column":51}},"23":{"start":{"line":84,"column":4},"end":{"line":84,"column":22}},"24":{"start":{"line":88,"column":2},"end":{"line":99,"column":19}},"25":{"start":{"line":89,"column":31},"end":{"line":96,"column":5}},"26":{"start":{"line":90,"column":6},"end":{"line":95,"column":7}},"27":{"start":{"line":91,"column":22},"end":{"line":91,"column":63}},"28":{"start":{"line":92,"column":8},"end":{"line":94,"column":9}},"29":{"start":{"line":93,"column":10},"end":{"line":93,"column":59}},"30":{"start":{"line":98,"column":4},"end":{"line":98,"column":25}},"31":{"start":{"line":101,"column":17},"end":{"line":101,"column":36}},"32":{"start":{"line":101,"column":23},"end":{"line":101,"column":36}},"33":{"start":{"line":107,"column":24},"end":{"line":120,"column":3}},"34":{"start":{"line":108,"column":24},"end":{"line":108,"column":40}},"35":{"start":{"line":109,"column":4},"end":{"line":118,"column":5}},"36":{"start":{"line":110,"column":6},"end":{"line":117,"column":7}},"37":{"start":{"line":112,"column":22},"end":{"line":112,"column":56}},"38":{"start":{"line":113,"column":8},"end":{"line":113,"column":21}},"39":{"start":{"line":115,"column":8},"end":{"line":115,"column":74}},"40":{"start":{"line":116,"column":8},"end":{"line":116,"column":20}},"41":{"start":{"line":119,"column":4},"end":{"line":119,"column":16}},"42":{"start":{"line":122,"column":34},"end":{"line":126,"column":3}},"43":{"start":{"line":128,"column":2},"end":{"line":128,"column":81}},"44":{"start":{"line":132,"column":24},"end":{"line":136,"column":1}},"45":{"start":{"line":133,"column":14},"end":{"line":133,"column":38}},"46":{"start":{"line":134,"column":2},"end":{"line":134,"column":74}},"47":{"start":{"line":134,"column":12},"end":{"line":134,"column":74}},"48":{"start":{"line":135,"column":2},"end":{"line":135,"column":13}}},"fnMap":{"0":{"name":"reducer","decl":{"start":{"line":21,"column":9},"end":{"line":21,"column":16}},"loc":{"start":{"line":21,"column":54},"end":{"line":28,"column":1}},"line":21},"1":{"name":"(anonymous_1)","decl":{"start":{"line":41,"column":70},"end":{"line":41,"column":71}},"loc":{"start":{"line":41,"column":88},"end":{"line":129,"column":1}},"line":41},"2":{"name":"(anonymous_2)","decl":{"start":{"line":44,"column":12},"end":{"line":44,"column":13}},"loc":{"start":{"line":44,"column":18},"end":{"line":85,"column":3}},"line":44},"3":{"name":"(anonymous_3)","decl":{"start":{"line":46,"column":48},"end":{"line":46,"column":49}},"loc":{"start":{"line":46,"column":103},"end":{"line":83,"column":5}},"line":46},"4":{"name":"(anonymous_4)","decl":{"start":{"line":88,"column":12},"end":{"line":88,"column":13}},"loc":{"start":{"line":88,"column":18},"end":{"line":99,"column":3}},"line":88},"5":{"name":"(anonymous_5)","decl":{"start":{"line":89,"column":31},"end":{"line":89,"column":32}},"loc":{"start":{"line":89,"column":43},"end":{"line":96,"column":5}},"line":89},"6":{"name":"(anonymous_6)","decl":{"start":{"line":101,"column":17},"end":{"line":101,"column":18}},"loc":{"start":{"line":101,"column":23},"end":{"line":101,"column":36}},"line":101},"7":{"name":"(anonymous_7)","decl":{"start":{"line":107,"column":24},"end":{"line":107,"column":25}},"loc":{"start":{"line":107,"column":60},"end":{"line":120,"column":3}},"line":107},"8":{"name":"(anonymous_8)","decl":{"start":{"line":132,"column":24},"end":{"line":132,"column":25}},"loc":{"start":{"line":132,"column":30},"end":{"line":136,"column":1}},"line":132}},"branchMap":{"0":{"loc":{"start":{"line":22,"column":2},"end":{"line":27,"column":3}},"type":"switch","locations":[{"start":{"line":23,"column":4},"end":{"line":24,"column":45}},{"start":{"line":25,"column":4},"end":{"line":26,"column":19}}],"line":22},"1":{"loc":{"start":{"line":47,"column":6},"end":{"line":82,"column":7}},"type":"if","locations":[{"start":{"line":47,"column":6},"end":{"line":82,"column":7}},{"start":{"line":80,"column":13},"end":{"line":82,"column":7}}],"line":47},"2":{"loc":{"start":{"line":52,"column":10},"end":{"line":75,"column":11}},"type":"if","locations":[{"start":{"line":52,"column":10},"end":{"line":75,"column":11}},{"start":{"line":65,"column":17},"end":{"line":75,"column":11}}],"line":52},"3":{"loc":{"start":{"line":62,"column":24},"end":{"line":62,"column":93}},"type":"cond-expr","locations":[{"start":{"line":62,"column":45},"end":{"line":62,"column":87}},{"start":{"line":62,"column":90},"end":{"line":62,"column":93}}],"line":62},"4":{"loc":{"start":{"line":69,"column":20},"end":{"line":69,"column":89}},"type":"binary-expr","locations":[{"start":{"line":69,"column":20},"end":{"line":69,"column":44}},{"start":{"line":69,"column":48},"end":{"line":69,"column":72}},{"start":{"line":69,"column":76},"end":{"line":69,"column":89}}],"line":69},"5":{"loc":{"start":{"line":72,"column":24},"end":{"line":72,"column":91}},"type":"cond-expr","locations":[{"start":{"line":72,"column":51},"end":{"line":72,"column":85}},{"start":{"line":72,"column":88},"end":{"line":72,"column":91}}],"line":72},"6":{"loc":{"start":{"line":90,"column":6},"end":{"line":95,"column":7}},"type":"if","locations":[{"start":{"line":90,"column":6},"end":{"line":95,"column":7}},{"start":{},"end":{}}],"line":90},"7":{"loc":{"start":{"line":92,"column":8},"end":{"line":94,"column":9}},"type":"if","locations":[{"start":{"line":92,"column":8},"end":{"line":94,"column":9}},{"start":{},"end":{}}],"line":92},"8":{"loc":{"start":{"line":109,"column":4},"end":{"line":118,"column":5}},"type":"if","locations":[{"start":{"line":109,"column":4},"end":{"line":118,"column":5}},{"start":{},"end":{}}],"line":109},"9":{"loc":{"start":{"line":134,"column":2},"end":{"line":134,"column":74}},"type":"if","locations":[{"start":{"line":134,"column":2},"end":{"line":134,"column":74}},{"start":{},"end":{}}],"line":134}},"s":{"0":0,"1":0,"2":0,"3":0,"4":0,"5":0,"6":0,"7":0,"8":0,"9":0,"10":0,"11":0,"12":0,"13":0,"14":0,"15":0,"16":0,"17":0,"18":0,"19":0,"20":0,"21":0,"22":0,"23":0,"24":0,"25":0,"26":0,"27":0,"28":0,"29":0,"30":0,"31":0,"32":0,"33":0,"34":0,"35":0,"36":0,"37":0,"38":0,"39":0,"40":0,"41":0,"42":0,"43":0,"44":0,"45":0,"46":0,"47":0,"48":0},"f":{"0":0,"1":0,"2":0,"3":0,"4":0,"5":0,"6":0,"7":0,"8":0},"b":{"0":[0,0],"1":[0,0],"2":[0,0],"3":[0,0],"4":[0,0,0],"5":[0,0],"6":[0,0],"7":[0,0],"8":[0,0],"9":[0,0]}}
,"/app/src/utils/formatPrice.ts": {"path":"/app/src/utils/formatPrice.ts","statementMap":{"0":{"start":{"line":8,"column":27},"end":{"line":14,"column":1}},"1":{"start":{"line":10,"column":26},"end":{"line":12,"column":42}},"2":{"start":{"line":13,"column":2},"end":{"line":13,"column":35}}},"fnMap":{"0":{"name":"(anonymous_0)","decl":{"start":{"line":8,"column":27},"end":{"line":8,"column":28}},"loc":{"start":{"line":8,"column":54},"end":{"line":14,"column":1}},"line":8}},"branchMap":{},"s":{"0":2,"1":7,"2":7},"f":{"0":7},"b":{},"_coverageSchema":"1a1c01bbd47fc00a2c39e90264f33305004495a9","hash":"ed52b1b3f7bc4effb8271a34ce592bd3fda5096a"}
}
