TN:
SF:src/components/ArticleCard.tsx
FN:9,(anonymous_0)
FNF:1
FNH:0
FNDA:0,(anonymous_0)
DA:9,0
DA:10,0
DA:21,0
LF:3
LH:0
BRF:0
BRH:0
end_of_record
TN:
SF:src/components/CustomBottomSheet.tsx
FN:14,(anonymous_0)
FN:18,(anonymous_1)
FNF:2
FNH:0
FNDA:0,(anonymous_0)
FNDA:0,(anonymous_1)
DA:6,0
DA:14,0
DA:15,0
DA:16,0
DA:18,0
DA:19,0
DA:20,0
DA:26,0
DA:34,0
DA:45,0
LF:10
LH:0
BRDA:19,0,0,0
BRDA:19,0,1,0
BRF:2
BRH:0
end_of_record
TN:
SF:src/components/HeroBanner.tsx
FN:9,(anonymous_0)
FNF:1
FNH:0
FNDA:0,(anonymous_0)
DA:9,0
DA:10,0
DA:22,0
LF:3
LH:0
BRF:0
BRH:0
end_of_record
TN:
SF:src/components/LoadingModal.tsx
FN:10,(anonymous_0)
FN:16,(anonymous_1)
FNF:2
FNH:0
FNDA:0,(anonymous_0)
FNDA:0,(anonymous_1)
DA:10,0
DA:11,0
DA:28,0
LF:3
LH:0
BRDA:10,0,0,0
BRF:1
BRH:0
end_of_record
TN:
SF:src/components/ProductCarousel.tsx
FN:14,(anonymous_0)
FN:20,(anonymous_1)
FN:21,(anonymous_2)
FN:24,(anonymous_3)
FN:33,(anonymous_4)
FN:34,(anonymous_5)
FN:61,(anonymous_6)
FNF:7
FNH:0
FNDA:0,(anonymous_0)
FNDA:0,(anonymous_1)
FNDA:0,(anonymous_2)
FNDA:0,(anonymous_3)
FNDA:0,(anonymous_4)
FNDA:0,(anonymous_5)
FNDA:0,(anonymous_6)
DA:14,0
DA:15,0
DA:16,0
DA:17,0
DA:18,0
DA:20,0
DA:21,0
DA:22,0
DA:24,0
DA:25,0
DA:26,0
DA:27,0
DA:29,0
DA:32,0
DA:34,0
DA:35,0
DA:38,0
DA:47,0
DA:48,0
DA:56,0
DA:61,0
DA:71,0
LF:22
LH:0
BRDA:47,0,0,0
BRDA:47,0,1,0
BRF:2
BRH:0
end_of_record
TN:
SF:src/components/ProductGridCard.tsx
FN:16,(anonymous_0)
FN:38,(anonymous_1)
FNF:2
FNH:2
FNDA:2,(anonymous_0)
FNDA:1,(anonymous_1)
DA:16,1
DA:17,2
DA:18,2
DA:20,2
DA:22,2
DA:38,1
DA:63,1
LF:7
LH:7
BRDA:20,0,0,2
BRDA:20,0,1,0
BRDA:33,1,0,0
BRDA:33,1,1,2
BRDA:39,2,0,0
BRDA:39,2,1,2
BRDA:39,3,0,0
BRDA:39,3,1,2
BRDA:48,4,0,2
BRDA:48,4,1,0
BRF:10
BRH:5
end_of_record
TN:
SF:src/components/ProductListItem.tsx
FN:15,(anonymous_0)
FN:38,(anonymous_1)
FNF:2
FNH:0
FNDA:0,(anonymous_0)
FNDA:0,(anonymous_1)
DA:15,0
DA:16,0
DA:17,0
DA:19,0
DA:38,0
DA:45,0
LF:6
LH:0
BRDA:39,0,0,0
BRDA:39,0,1,0
BRDA:39,1,0,0
BRDA:39,1,1,0
BRF:4
BRH:0
end_of_record
TN:
SF:src/components/ProfileListItem.tsx
FN:15,(anonymous_0)
FNF:1
FNH:0
FNDA:0,(anonymous_0)
DA:15,0
DA:16,0
DA:34,0
LF:3
LH:0
BRDA:23,0,0,0
BRDA:23,0,1,0
BRDA:24,1,0,0
BRDA:24,1,1,0
BRF:4
BRH:0
end_of_record
TN:
SF:src/components/PromoCodeModal.tsx
FN:14,(anonymous_0)
FN:17,(anonymous_1)
FNF:2
FNH:0
FNDA:0,(anonymous_0)
FNDA:0,(anonymous_1)
DA:14,0
DA:15,0
DA:17,0
DA:18,0
DA:21,0
DA:55,0
LF:6
LH:0
BRDA:14,0,0,0
BRDA:44,1,0,0
BRDA:44,1,1,0
BRDA:48,2,0,0
BRDA:48,2,1,0
BRF:5
BRH:0
end_of_record
TN:
SF:src/components/ShopTheLook.tsx
FN:12,(anonymous_0)
FN:18,(anonymous_1)
FN:19,(anonymous_2)
FN:21,(anonymous_3)
FN:35,(anonymous_4)
FN:36,(anonymous_5)
FN:42,(anonymous_6)
FNF:7
FNH:0
FNDA:0,(anonymous_0)
FNDA:0,(anonymous_1)
FNDA:0,(anonymous_2)
FNDA:0,(anonymous_3)
FNDA:0,(anonymous_4)
FNDA:0,(anonymous_5)
FNDA:0,(anonymous_6)
DA:12,0
DA:13,0
DA:14,0
DA:15,0
DA:16,0
DA:18,0
DA:19,0
DA:20,0
DA:21,0
DA:22,0
DA:23,0
DA:25,0
DA:28,0
DA:36,0
DA:37,0
DA:38,0
DA:42,0
DA:54,0
LF:18
LH:0
BRDA:32,0,0,0
BRDA:32,0,1,0
BRDA:37,1,0,0
BRDA:37,1,1,0
BRF:4
BRH:0
end_of_record
TN:
SF:src/components/SkeletonLoader.tsx
FN:6,(anonymous_0)
FN:14,(anonymous_1)
FN:24,(anonymous_2)
FN:39,(anonymous_3)
FN:47,(anonymous_4)
FNF:5
FNH:0
FNDA:0,(anonymous_0)
FNDA:0,(anonymous_1)
FNDA:0,(anonymous_2)
FNDA:0,(anonymous_3)
FNDA:0,(anonymous_4)
DA:4,0
DA:6,0
DA:12,0
DA:14,0
DA:15,0
DA:23,0
DA:24,0
DA:27,0
DA:32,0
DA:39,0
DA:40,0
DA:47,0
DA:48,0
DA:58,0
LF:14
LH:0
BRDA:9,0,0,0
BRF:1
BRH:0
end_of_record
TN:
SF:src/components/UpdateModal.tsx
FN:8,(anonymous_0)
FN:12,(anonymous_1)
FN:48,(anonymous_2)
FN:53,(anonymous_3)
FN:59,(anonymous_4)
FN:64,(anonymous_5)
FN:75,(anonymous_6)
FNF:7
FNH:0
FNDA:0,(anonymous_0)
FNDA:0,(anonymous_1)
FNDA:0,(anonymous_2)
FNDA:0,(anonymous_3)
FNDA:0,(anonymous_4)
FNDA:0,(anonymous_5)
FNDA:0,(anonymous_6)
DA:8,0
DA:9,0
DA:10,0
DA:12,0
DA:13,0
DA:15,0
DA:16,0
DA:19,0
DA:20,0
DA:23,0
DA:24,0
DA:25,0
DA:28,0
DA:30,0
DA:33,0
DA:34,0
DA:35,0
DA:38,0
DA:41,0
DA:44,0
DA:48,0
DA:50,0
DA:53,0
DA:54,0
DA:55,0
DA:59,0
DA:60,0
DA:64,0
DA:65,0
DA:66,0
DA:70,0
DA:94,0
LF:32
LH:0
BRDA:19,0,0,0
BRDA:19,0,1,0
BRDA:23,1,0,0
BRDA:23,1,1,0
BRDA:33,2,0,0
BRDA:33,2,1,0
BRDA:54,3,0,0
BRDA:54,3,1,0
BRDA:65,4,0,0
BRDA:65,4,1,0
BRF:10
BRH:0
end_of_record
TN:
SF:src/data/discoverFeed.ts
FNF:0
FNH:0
DA:3,0
LF:1
LH:0
BRF:0
BRH:0
end_of_record
TN:
SF:src/data/products.ts
FN:6,(anonymous_0)
FN:12,(anonymous_1)
FNF:2
FNH:0
FNDA:0,(anonymous_0)
FNDA:0,(anonymous_1)
DA:6,0
DA:7,0
DA:8,0
DA:9,0
DA:10,0
DA:12,0
DA:13,0
DA:14,0
DA:29,0
DA:30,0
DA:32,0
DA:33,0
LF:12
LH:0
BRDA:25,0,0,0
BRDA:25,0,1,0
BRF:2
BRH:0
end_of_record
TN:
SF:src/firebase/config.ts
FNF:0
FNH:0
DA:7,0
DA:8,0
LF:2
LH:0
BRF:0
BRH:0
end_of_record
TN:
SF:src/hooks/usePaginatedProducts.ts
FN:36,(anonymous_0)
FN:57,(anonymous_1)
FN:61,(anonymous_2)
FN:121,(anonymous_3)
FN:135,(anonymous_4)
FN:139,(anonymous_5)
FN:146,(anonymous_6)
FN:154,(anonymous_7)
FN:169,(anonymous_8)
FN:195,(anonymous_9)
FN:207,(anonymous_10)
FN:211,(anonymous_11)
FNF:12
FNH:0
FNDA:0,(anonymous_0)
FNDA:0,(anonymous_1)
FNDA:0,(anonymous_2)
FNDA:0,(anonymous_3)
FNDA:0,(anonymous_4)
FNDA:0,(anonymous_5)
FNDA:0,(anonymous_6)
FNDA:0,(anonymous_7)
FNDA:0,(anonymous_8)
FNDA:0,(anonymous_9)
FNDA:0,(anonymous_10)
FNDA:0,(anonymous_11)
DA:20,0
DA:36,0
DA:37,0
DA:38,0
DA:39,0
DA:57,0
DA:58,0
DA:59,0
DA:61,0
DA:62,0
DA:63,0
DA:64,0
DA:65,0
DA:67,0
DA:68,0
DA:69,0
DA:70,0
DA:72,0
DA:73,0
DA:75,0
DA:76,0
DA:78,0
DA:79,0
DA:81,0
DA:82,0
DA:84,0
DA:85,0
DA:87,0
DA:88,0
DA:92,0
DA:94,0
DA:96,0
DA:97,0
DA:99,0
DA:101,0
DA:102,0
DA:103,0
DA:106,0
DA:121,0
DA:122,0
DA:123,0
DA:124,0
DA:125,0
DA:126,0
DA:127,0
DA:129,0
DA:131,0
DA:135,0
DA:136,0
DA:139,0
DA:140,0
DA:143,0
DA:146,0
DA:147,0
DA:148,0
DA:149,0
DA:150,0
DA:152,0
DA:154,0
DA:155,0
DA:157,0
DA:158,0
DA:159,0
DA:160,0
DA:163,0
DA:165,0
DA:168,0
DA:170,0
DA:171,0
DA:172,0
DA:174,0
DA:175,0
DA:178,0
DA:179,0
DA:180,0
DA:182,0
DA:183,0
DA:186,0
DA:187,0
DA:189,0
DA:190,0
DA:192,0
DA:193,0
DA:195,0
DA:198,0
DA:200,0
DA:201,0
DA:207,0
DA:208,0
DA:211,0
LF:90
LH:0
BRDA:38,0,0,0
BRDA:38,0,1,0
BRDA:43,1,0,0
BRDA:43,1,1,0
BRDA:43,2,0,0
BRDA:43,2,1,0
BRDA:45,3,0,0
BRDA:45,3,1,0
BRDA:51,4,0,0
BRDA:51,4,1,0
BRDA:57,5,0,0
BRDA:65,6,0,0
BRDA:65,6,1,0
BRDA:65,6,2,0
BRDA:65,6,3,0
BRDA:67,7,0,0
BRDA:67,7,1,0
BRDA:69,8,0,0
BRDA:69,8,1,0
BRDA:69,9,0,0
BRDA:69,9,1,0
BRDA:72,10,0,0
BRDA:72,10,1,0
BRDA:75,11,0,0
BRDA:75,11,1,0
BRDA:78,12,0,0
BRDA:78,12,1,0
BRDA:78,13,0,0
BRDA:78,13,1,0
BRDA:81,14,0,0
BRDA:81,14,1,0
BRDA:81,15,0,0
BRDA:81,15,1,0
BRDA:84,16,0,0
BRDA:84,16,1,0
BRDA:87,17,0,0
BRDA:87,17,1,0
BRDA:92,18,0,0
BRDA:92,18,1,0
BRDA:97,19,0,0
BRDA:97,19,1,0
BRDA:99,20,0,0
BRDA:99,20,1,0
BRDA:101,21,0,0
BRDA:101,21,1,0
BRDA:102,22,0,0
BRDA:102,22,1,0
BRDA:146,23,0,0
BRDA:157,24,0,0
BRDA:157,24,1,0
BRDA:159,25,0,0
BRDA:159,25,1,0
BRDA:159,26,0,0
BRDA:159,26,1,0
BRDA:163,27,0,0
BRDA:163,27,1,0
BRDA:163,28,0,0
BRDA:163,28,1,0
BRDA:169,29,0,0
BRDA:170,30,0,0
BRDA:170,30,1,0
BRDA:174,31,0,0
BRDA:174,31,1,0
BRDA:174,32,0,0
BRDA:174,32,1,0
BRDA:182,33,0,0
BRDA:182,33,1,0
BRDA:182,34,0,0
BRDA:182,34,1,0
BRDA:189,35,0,0
BRDA:189,35,1,0
BRDA:192,36,0,0
BRDA:192,36,1,0
BRF:73
BRH:0
end_of_record
TN:
SF:src/navigation/HomeTabNavigator.tsx
FN:21,(anonymous_0)
FN:41,(anonymous_1)
FNF:2
FNH:0
FNDA:0,(anonymous_0)
FNDA:0,(anonymous_1)
DA:6,0
DA:8,0
DA:14,0
DA:21,0
DA:22,0
DA:42,0
LF:6
LH:0
BRF:0
BRH:0
end_of_record
TN:
SF:src/screens/AuthPromptScreen.tsx
FN:10,(anonymous_0)
FN:15,(anonymous_1)
FN:37,(anonymous_2)
FN:46,(anonymous_3)
FNF:4
FNH:0
FNDA:0,(anonymous_0)
FNDA:0,(anonymous_1)
FNDA:0,(anonymous_2)
FNDA:0,(anonymous_3)
DA:10,0
DA:11,0
DA:13,0
DA:15,0
DA:38,0
DA:39,0
DA:46,0
DA:55,0
LF:8
LH:0
BRF:0
BRH:0
end_of_record
TN:
SF:src/screens/BrandScreen.tsx
FN:18,(anonymous_0)
FN:26,(anonymous_1)
FN:26,(anonymous_2)
FN:31,(anonymous_3)
FN:39,(anonymous_4)
FN:42,(anonymous_5)
FN:60,(anonymous_6)
FN:63,(anonymous_7)
FN:75,(anonymous_8)
FN:78,(anonymous_9)
FN:93,(anonymous_10)
FN:98,(anonymous_11)
FN:106,(anonymous_12)
FN:109,(anonymous_13)
FNF:14
FNH:0
FNDA:0,(anonymous_0)
FNDA:0,(anonymous_1)
FNDA:0,(anonymous_2)
FNDA:0,(anonymous_3)
FNDA:0,(anonymous_4)
FNDA:0,(anonymous_5)
FNDA:0,(anonymous_6)
FNDA:0,(anonymous_7)
FNDA:0,(anonymous_8)
FNDA:0,(anonymous_9)
FNDA:0,(anonymous_10)
FNDA:0,(anonymous_11)
FNDA:0,(anonymous_12)
FNDA:0,(anonymous_13)
DA:18,0
DA:19,0
DA:20,0
DA:21,0
DA:23,0
DA:24,0
DA:26,0
DA:29,0
DA:31,0
DA:32,0
DA:33,0
DA:38,0
DA:40,0
DA:42,0
DA:44,0
DA:45,0
DA:51,0
DA:60,0
DA:61,0
DA:63,0
DA:75,0
DA:78,0
DA:86,0
DA:94,0
DA:98,0
DA:106,0
DA:109,0
DA:126,0
LF:28
LH:0
BRDA:32,0,0,0
BRDA:32,0,1,0
BRDA:44,1,0,0
BRDA:44,1,1,0
BRDA:67,2,0,0
BRDA:67,2,1,0
BRDA:76,3,0,0
BRDA:76,3,1,0
BRDA:79,4,0,0
BRDA:79,4,1,0
BRDA:89,5,0,0
BRDA:89,5,1,0
BRDA:91,6,0,0
BRDA:91,6,1,0
BRDA:107,7,0,0
BRDA:107,7,1,0
BRDA:108,8,0,0
BRDA:108,8,1,0
BRF:18
BRH:0
end_of_record
TN:
SF:src/screens/CatalogScreen.tsx
FN:32,(anonymous_0)
FN:34,(anonymous_1)
FN:35,(anonymous_2)
FN:36,(anonymous_3)
FN:44,(anonymous_4)
FN:51,(anonymous_5)
FN:56,(anonymous_6)
FN:64,(anonymous_7)
FN:95,(anonymous_8)
FN:106,(anonymous_9)
FN:134,(anonymous_10)
FN:147,(anonymous_11)
FN:148,(anonymous_12)
FN:165,(anonymous_13)
FN:168,(anonymous_14)
FN:198,(anonymous_15)
FN:219,(anonymous_16)
FN:224,(anonymous_17)
FN:233,(anonymous_18)
FN:237,(anonymous_19)
FN:238,(anonymous_20)
FN:253,(anonymous_21)
FN:256,(anonymous_22)
FN:260,(anonymous_23)
FN:270,(anonymous_24)
FN:277,(anonymous_25)
FN:278,(anonymous_26)
FN:282,(anonymous_27)
FNF:28
FNH:0
FNDA:0,(anonymous_0)
FNDA:0,(anonymous_1)
FNDA:0,(anonymous_2)
FNDA:0,(anonymous_3)
FNDA:0,(anonymous_4)
FNDA:0,(anonymous_5)
FNDA:0,(anonymous_6)
FNDA:0,(anonymous_7)
FNDA:0,(anonymous_8)
FNDA:0,(anonymous_9)
FNDA:0,(anonymous_10)
FNDA:0,(anonymous_11)
FNDA:0,(anonymous_12)
FNDA:0,(anonymous_13)
FNDA:0,(anonymous_14)
FNDA:0,(anonymous_15)
FNDA:0,(anonymous_16)
FNDA:0,(anonymous_17)
FNDA:0,(anonymous_18)
FNDA:0,(anonymous_19)
FNDA:0,(anonymous_20)
FNDA:0,(anonymous_21)
FNDA:0,(anonymous_22)
FNDA:0,(anonymous_23)
FNDA:0,(anonymous_24)
FNDA:0,(anonymous_25)
FNDA:0,(anonymous_26)
FNDA:0,(anonymous_27)
DA:26,0
DA:27,0
DA:28,0
DA:29,0
DA:32,0
DA:33,0
DA:34,0
DA:35,0
DA:36,0
DA:38,0
DA:42,0
DA:44,0
DA:45,0
DA:51,0
DA:56,0
DA:57,0
DA:58,0
DA:59,0
DA:61,0
DA:62,0
DA:65,0
DA:77,0
DA:95,0
DA:96,0
DA:97,0
DA:98,0
DA:102,0
DA:106,0
DA:107,0
DA:108,0
DA:134,0
DA:135,0
DA:136,0
DA:137,0
DA:139,0
DA:140,0
DA:143,0
DA:144,0
DA:147,0
DA:148,0
DA:149,0
DA:150,0
DA:151,0
DA:152,0
DA:153,0
DA:154,0
DA:156,0
DA:158,0
DA:161,0
DA:165,0
DA:166,0
DA:168,0
DA:169,0
DA:170,0
DA:171,0
DA:172,0
DA:174,0
DA:175,0
DA:176,0
DA:196,0
DA:198,0
DA:209,0
DA:211,0
DA:212,0
DA:214,0
DA:218,0
DA:219,0
DA:220,0
DA:224,0
DA:225,0
DA:226,0
DA:227,0
DA:233,0
DA:234,0
DA:238,0
DA:253,0
DA:257,0
DA:260,0
DA:270,0
DA:271,0
DA:277,0
DA:279,0
DA:282,0
DA:295,0
DA:322,0
LF:85
LH:0
BRDA:57,0,0,0
BRDA:57,0,1,0
BRDA:58,1,0,0
BRDA:58,1,1,0
BRDA:65,2,0,0
BRDA:65,2,1,0
BRDA:83,3,0,0
BRDA:83,3,1,0
BRDA:83,3,2,0
BRDA:96,4,0,0
BRDA:96,4,1,0
BRDA:113,5,0,0
BRDA:113,5,1,0
BRDA:117,6,0,0
BRDA:117,6,1,0
BRDA:170,7,0,0
BRDA:170,7,1,0
BRDA:196,8,0,0
BRDA:196,8,1,0
BRDA:200,9,0,0
BRDA:200,9,1,0
BRDA:201,10,0,0
BRDA:201,10,1,0
BRDA:202,11,0,0
BRDA:202,11,1,0
BRDA:203,12,0,0
BRDA:203,12,1,0
BRDA:207,13,0,0
BRDA:207,13,1,0
BRDA:214,14,0,0
BRDA:214,14,1,0
BRDA:225,15,0,0
BRDA:225,15,1,0
BRDA:246,16,0,0
BRDA:246,16,1,0
BRDA:272,17,0,0
BRDA:272,17,1,0
BRDA:317,18,0,0
BRDA:317,18,1,0
BRF:39
BRH:0
end_of_record
TN:
SF:src/screens/CategorySelectionScreen.tsx
FN:22,(anonymous_0)
FN:26,(anonymous_1)
FN:31,(anonymous_2)
FN:32,(anonymous_3)
FN:41,(anonymous_4)
FN:50,(anonymous_5)
FNF:6
FNH:0
FNDA:0,(anonymous_0)
FNDA:0,(anonymous_1)
FNDA:0,(anonymous_2)
FNDA:0,(anonymous_3)
FNDA:0,(anonymous_4)
FNDA:0,(anonymous_5)
DA:14,0
DA:22,0
DA:23,0
DA:24,0
DA:26,0
DA:27,0
DA:28,0
DA:31,0
DA:32,0
DA:38,0
DA:41,0
DA:50,0
DA:58,0
LF:13
LH:0
BRDA:27,0,0,0
BRDA:27,0,1,0
BRF:2
BRH:0
end_of_record
TN:
SF:src/screens/CreateProfileScreen.tsx
FN:27,(anonymous_0)
FN:37,(anonymous_1)
FNF:2
FNH:0
FNDA:0,(anonymous_0)
FNDA:0,(anonymous_1)
DA:27,0
DA:28,0
DA:29,0
DA:30,0
DA:32,0
DA:33,0
DA:34,0
DA:35,0
DA:37,0
DA:39,0
DA:40,0
DA:41,0
DA:44,0
DA:45,0
DA:47,0
DA:48,0
DA:56,0
DA:58,0
DA:59,0
DA:61,0
DA:65,0
DA:117,0
LF:22
LH:0
BRDA:32,0,0,0
BRDA:32,0,1,0
BRDA:33,1,0,0
BRDA:33,1,1,0
BRDA:39,2,0,0
BRDA:39,2,1,0
BRDA:39,3,0,0
BRDA:39,3,1,0
BRDA:39,3,2,0
BRDA:68,4,0,0
BRDA:68,4,1,0
BRF:11
BRH:0
end_of_record
TN:
SF:src/screens/DiscoverScreen.tsx
FN:120,(anonymous_0)
FN:122,(anonymous_1)
FN:127,(anonymous_2)
FN:133,(anonymous_3)
FN:165,(anonymous_4)
FN:179,(anonymous_5)
FN:198,(anonymous_6)
FN:220,(anonymous_7)
FN:232,(anonymous_8)
FN:244,(anonymous_9)
FN:250,(anonymous_10)
FN:250,(anonymous_11)
FN:250,(anonymous_12)
FN:254,(anonymous_13)
FN:265,(anonymous_14)
FN:265,(anonymous_15)
FN:265,(anonymous_16)
FN:269,(anonymous_17)
FN:274,(anonymous_18)
FN:275,(anonymous_19)
FN:281,(anonymous_20)
FN:281,(anonymous_21)
FN:281,(anonymous_22)
FN:285,(anonymous_23)
FN:301,(anonymous_24)
FN:301,(anonymous_25)
FN:301,(anonymous_26)
FN:305,(anonymous_27)
FN:316,(anonymous_28)
FN:316,(anonymous_29)
FN:316,(anonymous_30)
FN:320,(anonymous_31)
FN:327,(anonymous_32)
FN:330,(anonymous_33)
FN:331,(anonymous_34)
FN:341,(anonymous_35)
FN:341,(anonymous_36)
FN:341,(anonymous_37)
FN:345,(anonymous_38)
FN:346,(anonymous_39)
FN:352,(anonymous_40)
FN:365,(anonymous_41)
FN:365,(anonymous_42)
FN:365,(anonymous_43)
FN:370,(anonymous_44)
FN:393,(anonymous_45)
FN:395,(anonymous_46)
FN:405,(anonymous_47)
FN:410,makePage
FN:524,(anonymous_49)
FN:527,(anonymous_50)
FN:538,(anonymous_51)
FN:549,(anonymous_52)
FN:550,(anonymous_53)
FN:556,(anonymous_54)
FN:559,(anonymous_55)
FN:561,(anonymous_56)
FN:568,(anonymous_57)
FN:571,(anonymous_58)
FN:572,(anonymous_59)
FN:573,(anonymous_60)
FN:579,(anonymous_61)
FN:583,(anonymous_62)
FN:586,(anonymous_63)
FN:599,(anonymous_64)
FN:602,(anonymous_65)
FN:608,(anonymous_66)
FN:617,(anonymous_67)
FN:625,(anonymous_68)
FN:636,(anonymous_69)
FN:639,(anonymous_70)
FN:664,(anonymous_71)
FN:668,(anonymous_72)
FN:670,(anonymous_73)
FN:696,(anonymous_74)
FN:718,(anonymous_75)
FNF:76
FNH:0
FNDA:0,(anonymous_0)
FNDA:0,(anonymous_1)
FNDA:0,(anonymous_2)
FNDA:0,(anonymous_3)
FNDA:0,(anonymous_4)
FNDA:0,(anonymous_5)
FNDA:0,(anonymous_6)
FNDA:0,(anonymous_7)
FNDA:0,(anonymous_8)
FNDA:0,(anonymous_9)
FNDA:0,(anonymous_10)
FNDA:0,(anonymous_11)
FNDA:0,(anonymous_12)
FNDA:0,(anonymous_13)
FNDA:0,(anonymous_14)
FNDA:0,(anonymous_15)
FNDA:0,(anonymous_16)
FNDA:0,(anonymous_17)
FNDA:0,(anonymous_18)
FNDA:0,(anonymous_19)
FNDA:0,(anonymous_20)
FNDA:0,(anonymous_21)
FNDA:0,(anonymous_22)
FNDA:0,(anonymous_23)
FNDA:0,(anonymous_24)
FNDA:0,(anonymous_25)
FNDA:0,(anonymous_26)
FNDA:0,(anonymous_27)
FNDA:0,(anonymous_28)
FNDA:0,(anonymous_29)
FNDA:0,(anonymous_30)
FNDA:0,(anonymous_31)
FNDA:0,(anonymous_32)
FNDA:0,(anonymous_33)
FNDA:0,(anonymous_34)
FNDA:0,(anonymous_35)
FNDA:0,(anonymous_36)
FNDA:0,(anonymous_37)
FNDA:0,(anonymous_38)
FNDA:0,(anonymous_39)
FNDA:0,(anonymous_40)
FNDA:0,(anonymous_41)
FNDA:0,(anonymous_42)
FNDA:0,(anonymous_43)
FNDA:0,(anonymous_44)
FNDA:0,(anonymous_45)
FNDA:0,(anonymous_46)
FNDA:0,(anonymous_47)
FNDA:0,makePage
FNDA:0,(anonymous_49)
FNDA:0,(anonymous_50)
FNDA:0,(anonymous_51)
FNDA:0,(anonymous_52)
FNDA:0,(anonymous_53)
FNDA:0,(anonymous_54)
FNDA:0,(anonymous_55)
FNDA:0,(anonymous_56)
FNDA:0,(anonymous_57)
FNDA:0,(anonymous_58)
FNDA:0,(anonymous_59)
FNDA:0,(anonymous_60)
FNDA:0,(anonymous_61)
FNDA:0,(anonymous_62)
FNDA:0,(anonymous_63)
FNDA:0,(anonymous_64)
FNDA:0,(anonymous_65)
FNDA:0,(anonymous_66)
FNDA:0,(anonymous_67)
FNDA:0,(anonymous_68)
FNDA:0,(anonymous_69)
FNDA:0,(anonymous_70)
FNDA:0,(anonymous_71)
FNDA:0,(anonymous_72)
FNDA:0,(anonymous_73)
FNDA:0,(anonymous_74)
FNDA:0,(anonymous_75)
DA:100,0
DA:101,0
DA:104,0
DA:117,0
DA:120,0
DA:121,0
DA:122,0
DA:123,0
DA:126,0
DA:127,0
DA:129,0
DA:130,0
DA:133,0
DA:134,0
DA:135,0
DA:165,0
DA:166,0
DA:179,0
DA:184,0
DA:185,0
DA:191,0
DA:198,0
DA:207,0
DA:220,0
DA:221,0
DA:232,0
DA:233,0
DA:244,0
DA:245,0
DA:254,0
DA:255,0
DA:269,0
DA:270,0
DA:275,0
DA:285,0
DA:286,0
DA:305,0
DA:306,0
DA:320,0
DA:321,0
DA:327,0
DA:331,0
DA:345,0
DA:346,0
DA:347,0
DA:353,0
DA:370,0
DA:371,0
DA:381,0
DA:386,0
DA:393,0
DA:395,0
DA:405,0
DA:411,0
DA:412,0
DA:413,0
DA:414,0
DA:415,0
DA:416,0
DA:417,0
DA:418,0
DA:429,0
DA:430,0
DA:444,0
DA:445,0
DA:462,0
DA:463,0
DA:476,0
DA:477,0
DA:489,0
DA:490,0
DA:502,0
DA:520,0
DA:524,0
DA:525,0
DA:527,0
DA:528,0
DA:529,0
DA:530,0
DA:531,0
DA:532,0
DA:533,0
DA:534,0
DA:538,0
DA:539,0
DA:540,0
DA:541,0
DA:542,0
DA:543,0
DA:544,0
DA:545,0
DA:546,0
DA:549,0
DA:550,0
DA:551,0
DA:552,0
DA:553,0
DA:554,0
DA:556,0
DA:559,0
DA:560,0
DA:561,0
DA:562,0
DA:563,0
DA:564,0
DA:568,0
DA:569,0
DA:570,0
DA:571,0
DA:572,0
DA:573,0
DA:574,0
DA:579,0
DA:581,0
DA:583,0
DA:584,0
DA:585,0
DA:586,0
DA:587,0
DA:588,0
DA:589,0
DA:590,0
DA:591,0
DA:592,0
DA:593,0
DA:594,0
DA:595,0
DA:599,0
DA:601,0
DA:603,0
DA:605,0
DA:609,0
DA:614,0
DA:616,0
DA:617,0
DA:620,0
DA:622,0
DA:624,0
DA:625,0
DA:628,0
DA:630,0
DA:636,0
DA:638,0
DA:640,0
DA:664,0
DA:669,0
DA:670,0
DA:695,0
DA:697,0
DA:711,0
DA:719,0
DA:744,0
LF:152
LH:0
BRDA:133,0,0,0
BRDA:165,1,0,0
BRDA:184,2,0,0
BRDA:184,2,1,0
BRDA:247,3,0,0
BRDA:247,3,1,0
BRDA:292,4,0,0
BRDA:292,4,1,0
BRDA:293,5,0,0
BRDA:293,5,1,0
BRDA:309,6,0,0
BRDA:309,6,1,0
BRDA:346,7,0,0
BRDA:346,7,1,0
BRDA:417,8,0,0
BRDA:417,8,1,0
BRDA:429,9,0,0
BRDA:429,9,1,0
BRDA:444,10,0,0
BRDA:444,10,1,0
BRDA:462,11,0,0
BRDA:462,11,1,0
BRDA:476,12,0,0
BRDA:476,12,1,0
BRDA:489,13,0,0
BRDA:489,13,1,0
BRDA:530,14,0,0
BRDA:530,14,1,0
BRDA:532,15,0,0
BRDA:532,15,1,0
BRDA:569,16,0,0
BRDA:569,16,1,0
BRDA:569,17,0,0
BRDA:569,17,1,0
BRDA:581,18,0,0
BRDA:581,18,1,0
BRDA:583,19,0,0
BRDA:583,19,1,0
BRDA:584,20,0,0
BRDA:584,20,1,0
BRDA:587,21,0,0
BRDA:587,21,1,0
BRDA:588,22,0,0
BRDA:588,22,1,0
BRDA:588,23,0,0
BRDA:588,23,1,0
BRDA:589,24,0,0
BRDA:589,24,1,0
BRDA:590,25,0,0
BRDA:590,25,1,0
BRDA:591,26,0,0
BRDA:591,26,1,0
BRDA:591,27,0,0
BRDA:591,27,1,0
BRDA:592,28,0,0
BRDA:592,28,1,0
BRDA:592,29,0,0
BRDA:592,29,1,0
BRDA:593,30,0,0
BRDA:593,30,1,0
BRDA:594,31,0,0
BRDA:594,31,1,0
BRDA:603,32,0,0
BRDA:603,32,1,0
BRDA:603,32,2,0
BRDA:603,32,3,0
BRDA:603,32,4,0
BRDA:603,32,5,0
BRDA:603,32,6,0
BRDA:603,32,7,0
BRDA:671,33,0,0
BRDA:671,33,1,0
BRDA:673,34,0,0
BRDA:673,34,1,0
BRDA:679,35,0,0
BRDA:679,35,1,0
BRDA:698,36,0,0
BRDA:698,36,1,0
BRDA:713,37,0,0
BRDA:713,37,1,0
BRDA:714,38,0,0
BRDA:714,38,1,0
BRDA:766,39,0,0
BRDA:766,39,1,0
BRDA:809,40,0,0
BRDA:809,40,1,0
BRF:86
BRH:0
end_of_record
TN:
SF:src/screens/FavoritesScreen.tsx
FN:16,(anonymous_0)
FN:28,(anonymous_1)
FN:30,(anonymous_2)
FN:31,(anonymous_3)
FN:38,(anonymous_4)
FN:44,(anonymous_5)
FN:47,(anonymous_6)
FN:60,(anonymous_7)
FN:68,(anonymous_8)
FN:79,(anonymous_9)
FN:82,(anonymous_10)
FN:108,(anonymous_11)
FN:112,(anonymous_12)
FN:127,(anonymous_13)
FN:130,(anonymous_14)
FN:146,(anonymous_15)
FN:149,(anonymous_16)
FNF:17
FNH:0
FNDA:0,(anonymous_0)
FNDA:0,(anonymous_1)
FNDA:0,(anonymous_2)
FNDA:0,(anonymous_3)
FNDA:0,(anonymous_4)
FNDA:0,(anonymous_5)
FNDA:0,(anonymous_6)
FNDA:0,(anonymous_7)
FNDA:0,(anonymous_8)
FNDA:0,(anonymous_9)
FNDA:0,(anonymous_10)
FNDA:0,(anonymous_11)
FNDA:0,(anonymous_12)
FNDA:0,(anonymous_13)
FNDA:0,(anonymous_14)
FNDA:0,(anonymous_15)
FNDA:0,(anonymous_16)
DA:16,0
DA:17,0
DA:18,0
DA:19,0
DA:21,0
DA:22,0
DA:23,0
DA:25,0
DA:26,0
DA:28,0
DA:30,0
DA:31,0
DA:32,0
DA:33,0
DA:34,0
DA:36,0
DA:37,0
DA:38,0
DA:40,0
DA:42,0
DA:44,0
DA:45,0
DA:47,0
DA:48,0
DA:51,0
DA:53,0
DA:54,0
DA:57,0
DA:60,0
DA:61,0
DA:69,0
DA:78,0
DA:80,0
DA:82,0
DA:84,0
DA:85,0
DA:91,0
DA:100,0
DA:109,0
DA:112,0
DA:127,0
DA:130,0
DA:146,0
DA:149,0
DA:165,0
LF:45
LH:0
BRDA:21,0,0,0
BRDA:21,0,1,0
BRDA:32,1,0,0
BRDA:32,1,1,0
BRDA:42,2,0,0
BRDA:42,2,1,0
BRDA:42,2,2,0
BRDA:42,2,3,0
BRDA:69,3,0,0
BRDA:69,3,1,0
BRDA:84,4,0,0
BRDA:84,4,1,0
BRDA:111,5,0,0
BRDA:111,5,1,0
BRDA:114,6,0,0
BRDA:114,6,1,0
BRDA:128,7,0,0
BRDA:128,7,1,0
BRDA:131,8,0,0
BRDA:131,8,1,0
BRDA:140,9,0,0
BRDA:140,9,1,0
BRDA:147,10,0,0
BRDA:147,10,1,0
BRDA:148,11,0,0
BRDA:148,11,1,0
BRF:26
BRH:0
end_of_record
TN:
SF:src/screens/FilterScreenResults.tsx
FN:24,(anonymous_0)
FN:33,(anonymous_1)
FN:45,(anonymous_2)
FN:49,(anonymous_3)
FN:55,(anonymous_4)
FN:58,(anonymous_5)
FN:76,(anonymous_6)
FN:77,(anonymous_7)
FN:87,(anonymous_8)
FN:100,(anonymous_9)
FN:104,(anonymous_10)
FN:114,(anonymous_11)
FN:118,(anonymous_12)
FN:126,(anonymous_13)
FN:126,(anonymous_14)
FN:142,(anonymous_15)
FN:145,(anonymous_16)
FN:159,(anonymous_17)
FNF:18
FNH:0
FNDA:0,(anonymous_0)
FNDA:0,(anonymous_1)
FNDA:0,(anonymous_2)
FNDA:0,(anonymous_3)
FNDA:0,(anonymous_4)
FNDA:0,(anonymous_5)
FNDA:0,(anonymous_6)
FNDA:0,(anonymous_7)
FNDA:0,(anonymous_8)
FNDA:0,(anonymous_9)
FNDA:0,(anonymous_10)
FNDA:0,(anonymous_11)
FNDA:0,(anonymous_12)
FNDA:0,(anonymous_13)
FNDA:0,(anonymous_14)
FNDA:0,(anonymous_15)
FNDA:0,(anonymous_16)
FNDA:0,(anonymous_17)
DA:18,0
DA:24,0
DA:25,0
DA:26,0
DA:28,0
DA:29,0
DA:30,0
DA:31,0
DA:33,0
DA:34,0
DA:36,0
DA:43,0
DA:45,0
DA:46,0
DA:49,0
DA:50,0
DA:51,0
DA:54,0
DA:56,0
DA:58,0
DA:60,0
DA:61,0
DA:67,0
DA:76,0
DA:77,0
DA:78,0
DA:80,0
DA:88,0
DA:97,0
DA:100,0
DA:104,0
DA:115,0
DA:118,0
DA:126,0
DA:142,0
DA:145,0
DA:159,0
DA:166,0
LF:38
LH:0
BRDA:28,0,0,0
BRDA:28,0,1,0
BRDA:39,1,0,0
BRDA:39,1,1,0
BRDA:60,2,0,0
BRDA:60,2,1,0
BRDA:77,3,0,0
BRDA:77,3,1,0
BRDA:78,4,0,0
BRDA:78,4,1,0
BRDA:83,5,0,0
BRDA:83,5,1,0
BRDA:84,6,0,0
BRDA:84,6,1,0
BRDA:85,7,0,0
BRDA:85,7,1,0
BRDA:86,8,0,0
BRDA:86,8,1,0
BRDA:117,9,0,0
BRDA:117,9,1,0
BRDA:120,10,0,0
BRDA:120,10,1,0
BRDA:126,11,0,0
BRDA:126,11,1,0
BRDA:128,12,0,0
BRDA:128,12,1,0
BRDA:133,13,0,0
BRDA:133,13,1,0
BRDA:143,14,0,0
BRDA:143,14,1,0
BRDA:144,15,0,0
BRDA:144,15,1,0
BRF:32
BRH:0
end_of_record
TN:
SF:src/screens/MatchListScreen.tsx
FN:12,(anonymous_0)
FN:15,(anonymous_1)
FN:29,(anonymous_2)
FN:64,(anonymous_3)
FN:69,(anonymous_4)
FN:75,(anonymous_5)
FN:77,(anonymous_6)
FN:83,(anonymous_7)
FN:89,(anonymous_8)
FN:96,(anonymous_9)
FN:108,(anonymous_10)
FN:109,(anonymous_11)
FNF:12
FNH:0
FNDA:0,(anonymous_0)
FNDA:0,(anonymous_1)
FNDA:0,(anonymous_2)
FNDA:0,(anonymous_3)
FNDA:0,(anonymous_4)
FNDA:0,(anonymous_5)
FNDA:0,(anonymous_6)
FNDA:0,(anonymous_7)
FNDA:0,(anonymous_8)
FNDA:0,(anonymous_9)
FNDA:0,(anonymous_10)
FNDA:0,(anonymous_11)
DA:12,0
DA:13,0
DA:15,0
DA:16,0
DA:17,0
DA:18,0
DA:20,0
DA:21,0
DA:23,0
DA:24,0
DA:26,0
DA:29,0
DA:30,0
DA:33,0
DA:64,0
DA:65,0
DA:66,0
DA:67,0
DA:69,0
DA:70,0
DA:71,0
DA:73,0
DA:76,0
DA:77,0
DA:78,0
DA:80,0
DA:81,0
DA:84,0
DA:85,0
DA:89,0
DA:92,0
DA:96,0
DA:108,0
DA:109,0
DA:123,0
LF:35
LH:0
BRDA:18,0,0,0
BRDA:18,0,1,0
BRDA:20,1,0,0
BRDA:20,1,1,0
BRDA:23,2,0,0
BRDA:23,2,1,0
BRDA:103,3,0,0
BRDA:103,3,1,0
BRF:8
BRH:0
end_of_record
TN:
SF:src/screens/PredictionGameScreen.tsx
FN:30,(anonymous_0)
FN:45,(anonymous_1)
FN:52,(anonymous_2)
FN:57,(anonymous_3)
FN:57,(anonymous_4)
FN:59,(anonymous_5)
FN:66,(anonymous_6)
FN:71,(anonymous_7)
FN:74,(anonymous_8)
FN:81,(anonymous_9)
FN:90,(anonymous_10)
FN:96,(anonymous_11)
FN:103,(anonymous_12)
FN:105,(anonymous_13)
FN:110,(anonymous_14)
FN:118,(anonymous_15)
FN:124,(anonymous_16)
FN:139,(anonymous_17)
FN:182,(anonymous_18)
FN:210,(anonymous_19)
FN:239,(anonymous_20)
FN:254,(anonymous_21)
FN:272,(anonymous_22)
FN:337,(anonymous_23)
FN:356,(anonymous_24)
FN:358,(anonymous_25)
FN:360,(anonymous_26)
FNF:27
FNH:0
FNDA:0,(anonymous_0)
FNDA:0,(anonymous_1)
FNDA:0,(anonymous_2)
FNDA:0,(anonymous_3)
FNDA:0,(anonymous_4)
FNDA:0,(anonymous_5)
FNDA:0,(anonymous_6)
FNDA:0,(anonymous_7)
FNDA:0,(anonymous_8)
FNDA:0,(anonymous_9)
FNDA:0,(anonymous_10)
FNDA:0,(anonymous_11)
FNDA:0,(anonymous_12)
FNDA:0,(anonymous_13)
FNDA:0,(anonymous_14)
FNDA:0,(anonymous_15)
FNDA:0,(anonymous_16)
FNDA:0,(anonymous_17)
FNDA:0,(anonymous_18)
FNDA:0,(anonymous_19)
FNDA:0,(anonymous_20)
FNDA:0,(anonymous_21)
FNDA:0,(anonymous_22)
FNDA:0,(anonymous_23)
FNDA:0,(anonymous_24)
FNDA:0,(anonymous_25)
FNDA:0,(anonymous_26)
DA:28,0
DA:30,0
DA:31,0
DA:32,0
DA:33,0
DA:34,0
DA:36,0
DA:37,0
DA:38,0
DA:40,0
DA:41,0
DA:42,0
DA:43,0
DA:45,0
DA:46,0
DA:47,0
DA:48,0
DA:49,0
DA:52,0
DA:53,0
DA:54,0
DA:57,0
DA:59,0
DA:60,0
DA:62,0
DA:63,0
DA:65,0
DA:66,0
DA:71,0
DA:74,0
DA:75,0
DA:76,0
DA:78,0
DA:79,0
DA:82,0
DA:83,0
DA:85,0
DA:86,0
DA:88,0
DA:91,0
DA:92,0
DA:96,0
DA:97,0
DA:98,0
DA:99,0
DA:101,0
DA:104,0
DA:105,0
DA:106,0
DA:108,0
DA:111,0
DA:115,0
DA:118,0
DA:119,0
DA:120,0
DA:124,0
DA:125,0
DA:126,0
DA:127,0
DA:129,0
DA:130,0
DA:131,0
DA:133,0
DA:134,0
DA:136,0
DA:139,0
DA:140,0
DA:141,0
DA:142,0
DA:144,0
DA:145,0
DA:146,0
DA:148,0
DA:149,0
DA:150,0
DA:153,0
DA:154,0
DA:156,0
DA:158,0
DA:165,0
DA:166,0
DA:168,0
DA:170,0
DA:171,0
DA:174,0
DA:176,0
DA:178,0
DA:182,0
DA:183,0
DA:185,0
DA:186,0
DA:197,0
DA:210,0
DA:211,0
DA:212,0
DA:219,0
DA:220,0
DA:227,0
DA:235,0
DA:236,0
DA:239,0
DA:250,0
DA:251,0
DA:254,0
DA:268,0
DA:272,0
DA:338,0
DA:356,0
DA:358,0
DA:360,0
DA:411,0
LF:111
LH:0
BRDA:46,0,0,0
BRDA:46,0,1,0
BRDA:53,1,0,0
BRDA:53,1,1,0
BRDA:54,2,0,0
BRDA:54,2,1,0
BRDA:60,3,0,0
BRDA:60,3,1,0
BRDA:60,4,0,0
BRDA:60,4,1,0
BRDA:60,4,2,0
BRDA:63,5,0,0
BRDA:63,5,1,0
BRDA:75,6,0,0
BRDA:75,6,1,0
BRDA:82,7,0,0
BRDA:82,7,1,0
BRDA:88,8,0,0
BRDA:88,8,1,0
BRDA:92,9,0,0
BRDA:92,9,1,0
BRDA:97,10,0,0
BRDA:97,10,1,0
BRDA:125,11,0,0
BRDA:125,11,1,0
BRDA:129,12,0,0
BRDA:129,12,1,0
BRDA:140,13,0,0
BRDA:140,13,1,0
BRDA:144,14,0,0
BRDA:144,14,1,0
BRDA:148,15,0,0
BRDA:148,15,1,0
BRDA:148,16,0,0
BRDA:148,16,1,0
BRDA:168,17,0,0
BRDA:168,17,1,0
BRDA:170,18,0,0
BRDA:170,18,1,0
BRDA:176,19,0,0
BRDA:176,19,1,0
BRDA:183,20,0,0
BRDA:183,20,1,0
BRDA:183,21,0,0
BRDA:183,21,1,0
BRDA:185,22,0,0
BRDA:185,22,1,0
BRDA:211,23,0,0
BRDA:211,23,1,0
BRDA:219,24,0,0
BRDA:219,24,1,0
BRDA:235,25,0,0
BRDA:235,25,1,0
BRDA:250,26,0,0
BRDA:250,26,1,0
BRDA:293,27,0,0
BRDA:293,27,1,0
BRDA:299,28,0,0
BRDA:299,28,1,0
BRDA:308,29,0,0
BRDA:308,29,1,0
BRDA:319,30,0,0
BRDA:319,30,1,0
BRDA:319,30,2,0
BRDA:333,31,0,0
BRDA:333,31,1,0
BRDA:336,32,0,0
BRDA:336,32,1,0
BRDA:363,33,0,0
BRDA:363,33,1,0
BRDA:392,34,0,0
BRDA:392,34,1,0
BRDA:396,35,0,0
BRDA:396,35,1,0
BRDA:400,36,0,0
BRDA:400,36,1,0
BRF:76
BRH:0
end_of_record
TN:
SF:src/screens/ProductDetailScreen.tsx
FN:52,(anonymous_0)
FN:80,(anonymous_1)
FN:95,(anonymous_2)
FN:106,(anonymous_3)
FN:124,(anonymous_4)
FN:125,(anonymous_5)
FN:141,(anonymous_6)
FN:151,(anonymous_7)
FN:152,(anonymous_8)
FN:179,(anonymous_9)
FN:185,(anonymous_10)
FN:206,(anonymous_11)
FN:227,(anonymous_12)
FN:262,(anonymous_13)
FN:274,(anonymous_14)
FN:281,(anonymous_15)
FN:299,(anonymous_16)
FN:307,(anonymous_17)
FN:337,(anonymous_18)
FN:345,(anonymous_19)
FN:369,(anonymous_20)
FN:370,(anonymous_21)
FN:386,(anonymous_22)
FNF:23
FNH:0
FNDA:0,(anonymous_0)
FNDA:0,(anonymous_1)
FNDA:0,(anonymous_2)
FNDA:0,(anonymous_3)
FNDA:0,(anonymous_4)
FNDA:0,(anonymous_5)
FNDA:0,(anonymous_6)
FNDA:0,(anonymous_7)
FNDA:0,(anonymous_8)
FNDA:0,(anonymous_9)
FNDA:0,(anonymous_10)
FNDA:0,(anonymous_11)
FNDA:0,(anonymous_12)
FNDA:0,(anonymous_13)
FNDA:0,(anonymous_14)
FNDA:0,(anonymous_15)
FNDA:0,(anonymous_16)
FNDA:0,(anonymous_17)
FNDA:0,(anonymous_18)
FNDA:0,(anonymous_19)
FNDA:0,(anonymous_20)
FNDA:0,(anonymous_21)
FNDA:0,(anonymous_22)
DA:34,0
DA:36,0
DA:38,0
DA:39,0
DA:40,0
DA:52,0
DA:53,0
DA:54,0
DA:81,0
DA:95,0
DA:96,0
DA:104,0
DA:106,0
DA:107,0
DA:108,0
DA:109,0
DA:111,0
DA:112,0
DA:113,0
DA:114,0
DA:116,0
DA:117,0
DA:118,0
DA:119,0
DA:120,0
DA:121,0
DA:122,0
DA:124,0
DA:125,0
DA:126,0
DA:127,0
DA:128,0
DA:129,0
DA:132,0
DA:133,0
DA:134,0
DA:136,0
DA:138,0
DA:141,0
DA:142,0
DA:143,0
DA:145,0
DA:146,0
DA:148,0
DA:151,0
DA:152,0
DA:153,0
DA:154,0
DA:155,0
DA:156,0
DA:158,0
DA:159,0
DA:160,0
DA:161,0
DA:163,0
DA:165,0
DA:166,0
DA:171,0
DA:172,0
DA:176,0
DA:177,0
DA:179,0
DA:180,0
DA:181,0
DA:182,0
DA:185,0
DA:186,0
DA:187,0
DA:188,0
DA:190,0
DA:191,0
DA:193,0
DA:194,0
DA:197,0
DA:199,0
DA:200,0
DA:202,0
DA:206,0
DA:207,0
DA:208,0
DA:209,0
DA:211,0
DA:212,0
DA:213,0
DA:214,0
DA:217,0
DA:222,0
DA:223,0
DA:227,0
DA:228,0
DA:229,0
DA:230,0
DA:232,0
DA:233,0
DA:234,0
DA:235,0
DA:236,0
DA:238,0
DA:239,0
DA:240,0
DA:242,0
DA:243,0
DA:244,0
DA:246,0
DA:250,0
DA:251,0
DA:258,0
DA:259,0
DA:262,0
DA:269,0
DA:271,0
DA:274,0
DA:281,0
DA:299,0
DA:308,0
DA:337,0
DA:345,0
DA:369,0
DA:370,0
DA:386,0
DA:394,0
LF:121
LH:0
BRDA:53,0,0,0
BRDA:53,0,1,0
BRDA:57,1,0,0
BRDA:57,1,1,0
BRDA:57,1,2,0
BRDA:79,2,0,0
BRDA:79,2,1,0
BRDA:98,3,0,0
BRDA:98,3,1,0
BRDA:128,4,0,0
BRDA:128,4,1,0
BRDA:133,5,0,0
BRDA:133,5,1,0
BRDA:142,6,0,0
BRDA:142,6,1,0
BRDA:142,7,0,0
BRDA:142,7,1,0
BRDA:145,8,0,0
BRDA:145,8,1,0
BRDA:153,9,0,0
BRDA:153,9,1,0
BRDA:160,10,0,0
BRDA:160,10,1,0
BRDA:171,11,0,0
BRDA:171,11,1,0
BRDA:182,12,0,0
BRDA:182,12,1,0
BRDA:186,13,0,0
BRDA:186,13,1,0
BRDA:186,14,0,0
BRDA:186,14,1,0
BRDA:193,15,0,0
BRDA:193,15,1,0
BRDA:207,16,0,0
BRDA:207,16,1,0
BRDA:207,17,0,0
BRDA:207,17,1,0
BRDA:212,18,0,0
BRDA:212,18,1,0
BRDA:218,19,0,0
BRDA:218,19,1,0
BRDA:228,20,0,0
BRDA:228,20,1,0
BRDA:243,21,0,0
BRDA:243,21,1,0
BRDA:250,22,0,0
BRDA:250,22,1,0
BRDA:258,23,0,0
BRDA:258,23,1,0
BRDA:283,24,0,0
BRDA:283,24,1,0
BRDA:285,25,0,0
BRDA:285,25,1,0
BRDA:289,26,0,0
BRDA:289,26,1,0
BRDA:320,27,0,0
BRDA:320,27,1,0
BRDA:342,28,0,0
BRDA:342,28,1,0
BRF:59
BRH:0
end_of_record
TN:
SF:src/screens/ProductListScreen.tsx
FN:22,(anonymous_0)
FN:30,(anonymous_1)
FN:40,(anonymous_2)
FN:46,(anonymous_3)
FN:49,(anonymous_4)
FN:70,(anonymous_5)
FN:79,(anonymous_6)
FN:82,(anonymous_7)
FN:97,(anonymous_8)
FN:100,(anonymous_9)
FN:104,(anonymous_10)
FNF:11
FNH:0
FNDA:0,(anonymous_0)
FNDA:0,(anonymous_1)
FNDA:0,(anonymous_2)
FNDA:0,(anonymous_3)
FNDA:0,(anonymous_4)
FNDA:0,(anonymous_5)
FNDA:0,(anonymous_6)
FNDA:0,(anonymous_7)
FNDA:0,(anonymous_8)
FNDA:0,(anonymous_9)
FNDA:0,(anonymous_10)
DA:22,0
DA:23,0
DA:24,0
DA:25,0
DA:27,0
DA:29,0
DA:30,0
DA:38,0
DA:40,0
DA:41,0
DA:45,0
DA:47,0
DA:49,0
DA:51,0
DA:52,0
DA:58,0
DA:67,0
DA:70,0
DA:79,0
DA:82,0
DA:97,0
DA:100,0
DA:104,0
DA:120,0
LF:24
LH:0
BRDA:51,0,0,0
BRDA:51,0,1,0
BRDA:80,1,0,0
BRDA:80,1,1,0
BRDA:83,2,0,0
BRDA:83,2,1,0
BRDA:88,3,0,0
BRDA:88,3,1,0
BRDA:98,4,0,0
BRDA:98,4,1,0
BRDA:99,5,0,0
BRDA:99,5,1,0
BRDA:104,6,0,0
BRDA:104,6,1,0
BRDA:104,6,2,0
BRDA:107,7,0,0
BRDA:107,7,1,0
BRF:17
BRH:0
end_of_record
TN:
SF:src/screens/ProfileScreen.tsx
FN:9,(anonymous_0)
FN:14,(anonymous_1)
FN:21,(anonymous_2)
FN:26,(anonymous_3)
FN:34,(anonymous_4)
FN:71,(anonymous_5)
FN:76,(anonymous_6)
FNF:7
FNH:0
FNDA:0,(anonymous_0)
FNDA:0,(anonymous_1)
FNDA:0,(anonymous_2)
FNDA:0,(anonymous_3)
FNDA:0,(anonymous_4)
FNDA:0,(anonymous_5)
FNDA:0,(anonymous_6)
DA:9,0
DA:10,0
DA:11,0
DA:12,0
DA:14,0
DA:15,0
DA:21,0
DA:26,0
DA:34,0
DA:35,0
DA:46,0
DA:71,0
DA:76,0
DA:90,0
LF:14
LH:0
BRDA:41,0,0,0
BRDA:41,0,1,0
BRDA:53,1,0,0
BRDA:53,1,1,0
BRDA:80,2,0,0
BRDA:80,2,1,0
BRF:6
BRH:0
end_of_record
TN:
SF:src/screens/SignUpScreen.tsx
FN:22,(anonymous_0)
FN:26,(anonymous_1)
FN:32,(anonymous_2)
FN:56,(anonymous_3)
FN:97,(anonymous_4)
FNF:5
FNH:0
FNDA:0,(anonymous_0)
FNDA:0,(anonymous_1)
FNDA:0,(anonymous_2)
FNDA:0,(anonymous_3)
FNDA:0,(anonymous_4)
DA:22,0
DA:23,0
DA:24,0
DA:26,0
DA:27,0
DA:32,0
DA:33,0
DA:34,0
DA:35,0
DA:38,0
DA:40,0
DA:41,0
DA:45,0
DA:46,0
DA:47,0
DA:49,0
DA:51,0
DA:52,0
DA:54,0
DA:55,0
DA:56,0
DA:59,0
DA:60,0
DA:61,0
DA:63,0
DA:72,0
DA:73,0
DA:75,0
DA:76,0
DA:77,0
DA:78,0
DA:80,0
DA:81,0
DA:84,0
DA:85,0
DA:88,0
DA:92,0
DA:97,0
DA:119,0
LF:39
LH:0
BRDA:40,0,0,0
BRDA:40,0,1,0
BRDA:49,1,0,0
BRDA:49,1,1,0
BRDA:54,2,0,0
BRDA:54,2,1,0
BRDA:59,3,0,0
BRDA:59,3,1,0
BRDA:65,4,0,0
BRDA:65,4,1,0
BRDA:66,5,0,0
BRDA:66,5,1,0
BRDA:72,6,0,0
BRDA:72,6,1,0
BRDA:73,7,0,0
BRDA:73,7,1,0
BRDA:75,8,0,0
BRDA:75,8,1,0
BRDA:77,9,0,0
BRDA:77,9,1,0
BRF:20
BRH:0
end_of_record
TN:
SF:src/screens/StoreScreen.tsx
FN:37,(anonymous_0)
FN:54,(anonymous_1)
FN:58,(anonymous_2)
FN:58,(anonymous_3)
FN:67,(anonymous_4)
FN:71,(anonymous_5)
FN:74,(anonymous_6)
FN:81,(anonymous_7)
FN:84,(anonymous_8)
FN:103,(anonymous_9)
FN:126,(anonymous_10)
FN:145,(anonymous_11)
FN:149,(anonymous_12)
FN:153,(anonymous_13)
FN:172,(anonymous_14)
FN:186,(anonymous_15)
FN:197,(anonymous_16)
FN:210,(anonymous_17)
FN:221,(anonymous_18)
FNF:19
FNH:0
FNDA:0,(anonymous_0)
FNDA:0,(anonymous_1)
FNDA:0,(anonymous_2)
FNDA:0,(anonymous_3)
FNDA:0,(anonymous_4)
FNDA:0,(anonymous_5)
FNDA:0,(anonymous_6)
FNDA:0,(anonymous_7)
FNDA:0,(anonymous_8)
FNDA:0,(anonymous_9)
FNDA:0,(anonymous_10)
FNDA:0,(anonymous_11)
FNDA:0,(anonymous_12)
FNDA:0,(anonymous_13)
FNDA:0,(anonymous_14)
FNDA:0,(anonymous_15)
FNDA:0,(anonymous_16)
FNDA:0,(anonymous_17)
FNDA:0,(anonymous_18)
DA:21,0
DA:37,0
DA:38,0
DA:54,0
DA:55,0
DA:56,0
DA:58,0
DA:67,0
DA:68,0
DA:69,0
DA:71,0
DA:72,0
DA:73,0
DA:75,0
DA:76,0
DA:78,0
DA:81,0
DA:84,0
DA:85,0
DA:86,0
DA:89,0
DA:90,0
DA:98,0
DA:99,0
DA:103,0
DA:114,0
DA:116,0
DA:126,0
DA:145,0
DA:149,0
DA:153,0
DA:172,0
DA:186,0
DA:197,0
DA:210,0
DA:221,0
DA:232,0
LF:37
LH:0
BRDA:42,0,0,0
BRDA:42,0,1,0
BRDA:60,1,0,0
BRDA:60,1,1,0
BRDA:62,2,0,0
BRDA:62,2,1,0
BRDA:72,3,0,0
BRDA:72,3,1,0
BRDA:75,4,0,0
BRDA:75,4,1,0
BRDA:85,5,0,0
BRDA:85,5,1,0
BRDA:89,6,0,0
BRDA:89,6,1,0
BRDA:98,7,0,0
BRDA:98,7,1,0
BRDA:114,8,0,0
BRDA:114,8,1,0
BRDA:122,9,0,0
BRDA:122,9,1,0
BRDA:131,10,0,0
BRDA:131,10,1,0
BRDA:139,11,0,0
BRDA:139,11,1,0
BRDA:140,12,0,0
BRDA:140,12,1,0
BRDA:160,13,0,0
BRDA:160,13,1,0
BRDA:171,14,0,0
BRDA:171,14,1,0
BRDA:176,15,0,0
BRDA:176,15,1,0
BRDA:180,16,0,0
BRDA:180,16,1,0
BRDA:192,17,0,0
BRDA:192,17,1,0
BRDA:204,18,0,0
BRDA:204,18,1,0
BRDA:216,19,0,0
BRDA:216,19,1,0
BRF:40
BRH:0
end_of_record
TN:
SF:src/screens/home/BrandCarousel.tsx
FN:12,(anonymous_0)
FN:22,(anonymous_1)
FN:26,(anonymous_2)
FN:27,(anonymous_3)
FN:28,(anonymous_4)
FNF:5
FNH:0
FNDA:0,(anonymous_0)
FNDA:0,(anonymous_1)
FNDA:0,(anonymous_2)
FNDA:0,(anonymous_3)
FNDA:0,(anonymous_4)
DA:12,0
DA:13,0
DA:15,0
DA:16,0
DA:19,0
DA:22,0
DA:26,0
DA:28,0
DA:41,0
LF:9
LH:0
BRDA:15,0,0,0
BRDA:15,0,1,0
BRF:2
BRH:0
end_of_record
TN:
SF:src/screens/home/CategoryScreen.tsx
FN:26,(anonymous_0)
FN:47,(anonymous_1)
FN:48,(anonymous_2)
FN:53,(anonymous_3)
FN:71,(anonymous_4)
FN:95,(anonymous_5)
FN:120,(anonymous_6)
FN:130,(anonymous_7)
FN:143,(anonymous_8)
FN:148,(anonymous_9)
FN:157,(anonymous_10)
FN:173,(anonymous_11)
FN:194,(anonymous_12)
FNF:13
FNH:0
FNDA:0,(anonymous_0)
FNDA:0,(anonymous_1)
FNDA:0,(anonymous_2)
FNDA:0,(anonymous_3)
FNDA:0,(anonymous_4)
FNDA:0,(anonymous_5)
FNDA:0,(anonymous_6)
FNDA:0,(anonymous_7)
FNDA:0,(anonymous_8)
FNDA:0,(anonymous_9)
FNDA:0,(anonymous_10)
FNDA:0,(anonymous_11)
FNDA:0,(anonymous_12)
DA:22,0
DA:26,0
DA:27,0
DA:28,0
DA:29,0
DA:47,0
DA:48,0
DA:53,0
DA:54,0
DA:57,0
DA:58,0
DA:59,0
DA:60,0
DA:61,0
DA:62,0
DA:65,0
DA:66,0
DA:67,0
DA:70,0
DA:72,0
DA:74,0
DA:76,0
DA:79,0
DA:82,0
DA:84,0
DA:85,0
DA:88,0
DA:94,0
DA:96,0
DA:97,0
DA:99,0
DA:102,0
DA:103,0
DA:104,0
DA:105,0
DA:107,0
DA:108,0
DA:109,0
DA:111,0
DA:113,0
DA:114,0
DA:120,0
DA:121,0
DA:122,0
DA:124,0
DA:125,0
DA:126,0
DA:127,0
DA:129,0
DA:130,0
DA:133,0
DA:134,0
DA:136,0
DA:138,0
DA:143,0
DA:144,0
DA:147,0
DA:148,0
DA:149,0
DA:150,0
DA:151,0
DA:156,0
DA:157,0
DA:161,0
DA:163,0
DA:165,0
DA:168,0
DA:173,0
DA:175,0
DA:176,0
DA:178,0
DA:188,0
DA:194,0
LF:73
LH:0
BRDA:28,0,0,0
BRDA:28,0,1,0
BRDA:33,1,0,0
BRDA:33,1,1,0
BRDA:33,2,0,0
BRDA:33,2,1,0
BRDA:35,3,0,0
BRDA:35,3,1,0
BRDA:71,4,0,0
BRDA:74,5,0,0
BRDA:74,5,1,0
BRDA:84,6,0,0
BRDA:84,6,1,0
BRDA:95,7,0,0
BRDA:96,8,0,0
BRDA:96,8,1,0
BRDA:108,9,0,0
BRDA:108,9,1,0
BRDA:121,10,0,0
BRDA:121,10,1,0
BRDA:121,11,0,0
BRDA:121,11,1,0
BRDA:121,11,2,0
BRDA:129,12,0,0
BRDA:129,12,1,0
BRDA:133,13,0,0
BRDA:133,13,1,0
BRDA:147,14,0,0
BRDA:147,14,1,0
BRDA:175,15,0,0
BRDA:175,15,1,0
BRF:31
BRH:0
end_of_record
TN:
SF:src/screens/home/FilterBottomSheet.tsx
FN:36,(anonymous_0)
FN:47,(anonymous_1)
FN:57,(anonymous_2)
FN:76,(anonymous_3)
FN:87,(anonymous_4)
FN:94,(anonymous_5)
FN:123,(anonymous_6)
FN:127,(anonymous_7)
FN:128,(anonymous_8)
FN:161,(anonymous_9)
FN:166,(anonymous_10)
FNF:11
FNH:0
FNDA:0,(anonymous_0)
FNDA:0,(anonymous_1)
FNDA:0,(anonymous_2)
FNDA:0,(anonymous_3)
FNDA:0,(anonymous_4)
FNDA:0,(anonymous_5)
FNDA:0,(anonymous_6)
FNDA:0,(anonymous_7)
FNDA:0,(anonymous_8)
FNDA:0,(anonymous_9)
FNDA:0,(anonymous_10)
DA:22,0
DA:36,0
DA:41,0
DA:47,0
DA:52,0
DA:57,0
DA:58,0
DA:59,0
DA:70,0
DA:73,0
DA:74,0
DA:76,0
DA:78,0
DA:80,0
DA:87,0
DA:88,0
DA:89,0
DA:90,0
DA:91,0
DA:94,0
DA:96,0
DA:99,0
DA:124,0
DA:127,0
DA:128,0
DA:162,0
DA:166,0
DA:207,0
LF:28
LH:0
BRDA:52,0,0,0
BRDA:52,0,1,0
BRDA:53,1,0,0
BRDA:53,1,1,0
BRDA:73,2,0,0
BRDA:73,2,1,0
BRDA:74,3,0,0
BRDA:74,3,1,0
BRDA:82,4,0,0
BRDA:82,4,1,0
BRDA:83,5,0,0
BRDA:83,5,1,0
BRDA:114,6,0,0
BRDA:114,6,1,0
BRDA:165,7,0,0
BRDA:165,7,1,0
BRF:16
BRH:0
end_of_record
TN:
SF:src/screens/home/HomeHeader.tsx
FN:11,(anonymous_0)
FN:17,(anonymous_1)
FNF:2
FNH:0
FNDA:0,(anonymous_0)
FNDA:0,(anonymous_1)
DA:11,0
DA:12,0
DA:14,0
DA:17,0
DA:30,0
LF:5
LH:0
BRF:0
BRH:0
end_of_record
TN:
SF:src/screens/home/HomeListHeader.tsx
FN:14,(anonymous_0)
FNF:1
FNH:0
FNDA:0,(anonymous_0)
DA:14,0
DA:15,0
LF:2
LH:0
BRF:0
BRH:0
end_of_record
TN:
SF:src/screens/home/HomeScreen.tsx
FN:11,(anonymous_0)
FN:15,(anonymous_1)
FN:23,(anonymous_2)
FN:25,(anonymous_3)
FNF:4
FNH:0
FNDA:0,(anonymous_0)
FNDA:0,(anonymous_1)
FNDA:0,(anonymous_2)
FNDA:0,(anonymous_3)
DA:11,0
DA:12,0
DA:13,0
DA:15,0
DA:16,0
DA:18,0
DA:21,0
DA:23,0
DA:25,0
DA:30,0
LF:10
LH:0
BRF:0
BRH:0
end_of_record
TN:
SF:src/screens/home/ProductGrid.tsx
FN:20,(anonymous_0)
FN:33,(anonymous_1)
FN:35,(anonymous_2)
FN:49,(anonymous_3)
FN:59,(anonymous_4)
FN:68,(anonymous_5)
FNF:6
FNH:0
FNDA:0,(anonymous_0)
FNDA:0,(anonymous_1)
FNDA:0,(anonymous_2)
FNDA:0,(anonymous_3)
FNDA:0,(anonymous_4)
FNDA:0,(anonymous_5)
DA:20,0
DA:30,0
DA:32,0
DA:34,0
DA:35,0
DA:41,0
DA:42,0
DA:50,0
DA:59,0
DA:60,0
DA:61,0
DA:64,0
DA:68,0
DA:87,0
LF:14
LH:0
BRDA:41,0,0,0
BRDA:41,0,1,0
BRDA:41,1,0,0
BRDA:41,1,1,0
BRDA:60,2,0,0
BRDA:60,2,1,0
BRDA:72,3,0,0
BRDA:72,3,1,0
BRDA:80,4,0,0
BRDA:80,4,1,0
BRF:10
BRH:0
end_of_record
TN:
SF:src/screens/home/ProductSegments.tsx
FN:25,(anonymous_0)
FN:28,(anonymous_1)
FN:34,(anonymous_2)
FNF:3
FNH:0
FNDA:0,(anonymous_0)
FNDA:0,(anonymous_1)
FNDA:0,(anonymous_2)
DA:6,0
DA:13,0
DA:25,0
DA:26,0
DA:29,0
DA:30,0
DA:31,0
DA:34,0
DA:46,0
LF:9
LH:0
BRDA:30,0,0,0
BRDA:30,0,1,0
BRDA:35,1,0,0
BRDA:35,1,1,0
BRDA:37,2,0,0
BRDA:37,2,1,0
BRDA:38,3,0,0
BRDA:38,3,1,0
BRF:8
BRH:0
end_of_record
TN:
SF:src/screens/home/PromoCardsCarousel.tsx
FN:24,(anonymous_0)
FN:35,(anonymous_1)
FN:38,(anonymous_2)
FN:41,(anonymous_3)
FNF:4
FNH:0
FNDA:0,(anonymous_0)
FNDA:0,(anonymous_1)
FNDA:0,(anonymous_2)
FNDA:0,(anonymous_3)
DA:17,0
DA:24,0
DA:25,0
DA:27,0
DA:28,0
DA:31,0
DA:35,0
DA:39,0
DA:41,0
DA:61,0
LF:10
LH:0
BRDA:27,0,0,0
BRDA:27,0,1,0
BRDA:41,1,0,0
BRDA:41,1,1,0
BRDA:48,2,0,0
BRDA:48,2,1,0
BRF:6
BRH:0
end_of_record
TN:
SF:src/services/notificationService.ts
FN:11,(anonymous_0)
FN:22,registerForPushNotificationsAsync
FN:70,saveTokenToFirestore
FNF:3
FNH:0
FNDA:0,(anonymous_0)
FNDA:0,registerForPushNotificationsAsync
FNDA:0,saveTokenToFirestore
DA:10,0
DA:11,0
DA:24,0
DA:26,0
DA:27,0
DA:35,0
DA:36,0
DA:37,0
DA:39,0
DA:40,0
DA:41,0
DA:44,0
DA:45,0
DA:46,0
DA:50,0
DA:51,0
DA:52,0
DA:53,0
DA:56,0
DA:57,0
DA:59,0
DA:62,0
DA:71,0
DA:73,0
DA:74,0
DA:76,0
DA:79,0
DA:81,0
LF:28
LH:0
BRDA:26,0,0,0
BRDA:26,0,1,0
BRDA:35,1,0,0
BRDA:35,1,1,0
BRDA:39,2,0,0
BRDA:39,2,1,0
BRDA:44,3,0,0
BRDA:44,3,1,0
BRDA:51,4,0,0
BRDA:51,4,1,0
BRDA:71,5,0,0
BRDA:71,5,1,0
BRDA:71,6,0,0
BRDA:71,6,1,0
BRF:14
BRH:0
end_of_record
TN:
SF:src/store/BoutiqueContext.tsx
FN:16,(anonymous_0)
FN:20,(anonymous_1)
FN:21,(anonymous_2)
FN:42,(anonymous_3)
FN:53,(anonymous_4)
FNF:5
FNH:0
FNDA:0,(anonymous_0)
FNDA:0,(anonymous_1)
FNDA:0,(anonymous_2)
FNDA:0,(anonymous_3)
FNDA:0,(anonymous_4)
DA:13,0
DA:16,0
DA:17,0
DA:18,0
DA:20,0
DA:21,0
DA:22,0
DA:23,0
DA:24,0
DA:26,0
DA:27,0
DA:29,0
DA:32,0
DA:34,0
DA:38,0
DA:41,0
DA:42,0
DA:49,0
DA:53,0
DA:54,0
DA:55,0
DA:56,0
LF:22
LH:0
BRDA:26,0,0,0
BRDA:26,0,1,0
BRDA:55,1,0,0
BRDA:55,1,1,0
BRF:4
BRH:0
end_of_record
TN:
SF:src/store/FavoritesContext.tsx
FN:20,reducer
FN:67,(anonymous_1)
FN:70,(anonymous_2)
FN:72,(anonymous_3)
FN:74,(anonymous_4)
FN:76,(anonymous_5)
FN:77,(anonymous_6)
FN:79,(anonymous_7)
FN:96,(anonymous_8)
FNF:9
FNH:3
FNDA:0,reducer
FNDA:2,(anonymous_1)
FNDA:0,(anonymous_2)
FNDA:0,(anonymous_3)
FNDA:2,(anonymous_4)
FNDA:2,(anonymous_5)
FNDA:0,(anonymous_6)
FNDA:0,(anonymous_7)
FNDA:0,(anonymous_8)
DA:5,1
DA:7,1
DA:21,0
DA:23,0
DA:24,0
DA:25,0
DA:27,0
DA:28,0
DA:29,0
DA:31,0
DA:34,0
DA:40,0
DA:41,0
DA:46,0
DA:52,0
DA:64,1
DA:67,1
DA:68,2
DA:70,2
DA:71,0
DA:72,2
DA:74,2
DA:75,2
DA:76,2
DA:77,2
DA:79,2
DA:81,2
DA:83,2
DA:86,2
DA:92,2
DA:96,1
DA:97,0
DA:98,0
DA:99,0
LF:34
LH:17
BRDA:21,0,0,0
BRDA:21,0,1,0
BRDA:21,0,2,0
BRDA:23,1,0,0
BRDA:23,1,1,0
BRDA:25,2,0,0
BRDA:25,2,1,0
BRDA:28,3,0,0
BRDA:28,3,1,0
BRDA:98,4,0,0
BRDA:98,4,1,0
BRF:11
BRH:0
end_of_record
TN:
SF:src/store/FilterContext.tsx
FN:33,(anonymous_0)
FN:36,(anonymous_1)
FN:37,(anonymous_2)
FN:40,(anonymous_3)
FN:41,(anonymous_4)
FN:44,(anonymous_5)
FN:45,(anonymous_6)
FN:46,(anonymous_7)
FN:48,(anonymous_8)
FN:54,(anonymous_9)
FN:55,(anonymous_10)
FN:58,(anonymous_11)
FN:59,(anonymous_12)
FN:62,(anonymous_13)
FN:63,(anonymous_14)
FN:66,(anonymous_15)
FN:71,(anonymous_16)
FN:84,(anonymous_17)
FN:102,(anonymous_18)
FNF:19
FNH:0
FNDA:0,(anonymous_0)
FNDA:0,(anonymous_1)
FNDA:0,(anonymous_2)
FNDA:0,(anonymous_3)
FNDA:0,(anonymous_4)
FNDA:0,(anonymous_5)
FNDA:0,(anonymous_6)
FNDA:0,(anonymous_7)
FNDA:0,(anonymous_8)
FNDA:0,(anonymous_9)
FNDA:0,(anonymous_10)
FNDA:0,(anonymous_11)
FNDA:0,(anonymous_12)
FNDA:0,(anonymous_13)
FNDA:0,(anonymous_14)
FNDA:0,(anonymous_15)
FNDA:0,(anonymous_16)
FNDA:0,(anonymous_17)
FNDA:0,(anonymous_18)
DA:6,0
DA:30,0
DA:33,0
DA:34,0
DA:36,0
DA:37,0
DA:40,0
DA:41,0
DA:44,0
DA:45,0
DA:46,0
DA:47,0
DA:48,0
DA:50,0
DA:54,0
DA:55,0
DA:58,0
DA:59,0
DA:62,0
DA:63,0
DA:66,0
DA:67,0
DA:71,0
DA:72,0
DA:73,0
DA:74,0
DA:75,0
DA:76,0
DA:77,0
DA:78,0
DA:79,0
DA:83,0
DA:84,0
DA:98,0
DA:102,0
DA:103,0
DA:104,0
DA:105,0
LF:38
LH:0
BRDA:47,0,0,0
BRDA:47,0,1,0
BRDA:49,1,0,0
BRDA:49,1,1,0
BRDA:73,2,0,0
BRDA:73,2,1,0
BRDA:74,3,0,0
BRDA:74,3,1,0
BRDA:74,4,0,0
BRDA:74,4,1,0
BRDA:75,5,0,0
BRDA:75,5,1,0
BRDA:75,6,0,0
BRDA:75,6,1,0
BRDA:76,7,0,0
BRDA:76,7,1,0
BRDA:76,8,0,0
BRDA:76,8,1,0
BRDA:77,9,0,0
BRDA:77,9,1,0
BRDA:78,10,0,0
BRDA:78,10,1,0
BRDA:104,11,0,0
BRDA:104,11,1,0
BRF:24
BRH:0
end_of_record
TN:
SF:src/store/ProductContext.tsx
FN:16,(anonymous_0)
FN:23,(anonymous_1)
FN:52,(anonymous_2)
FN:59,(anonymous_3)
FN:60,(anonymous_4)
FN:71,(anonymous_5)
FN:112,(anonymous_6)
FN:119,(anonymous_7)
FN:132,(anonymous_8)
FNF:9
FNH:0
FNDA:0,(anonymous_0)
FNDA:0,(anonymous_1)
FNDA:0,(anonymous_2)
FNDA:0,(anonymous_3)
FNDA:0,(anonymous_4)
FNDA:0,(anonymous_5)
FNDA:0,(anonymous_6)
FNDA:0,(anonymous_7)
FNDA:0,(anonymous_8)
DA:16,0
DA:17,0
DA:18,0
DA:19,0
DA:20,0
DA:21,0
DA:23,0
DA:24,0
DA:25,0
DA:33,0
DA:34,0
DA:36,0
DA:37,0
DA:49,0
DA:52,0
DA:53,0
DA:54,0
DA:57,0
DA:59,0
DA:60,0
DA:61,0
DA:62,0
DA:63,0
DA:64,0
DA:66,0
DA:70,0
DA:72,0
DA:73,0
DA:74,0
DA:76,0
DA:77,0
DA:78,0
DA:79,0
DA:80,0
DA:95,0
DA:96,0
DA:100,0
DA:101,0
DA:103,0
DA:104,0
DA:111,0
DA:113,0
DA:118,0
DA:119,0
DA:128,0
DA:132,0
DA:133,0
DA:134,0
DA:135,0
LF:49
LH:0
BRDA:76,0,0,0
BRDA:76,0,1,0
BRDA:78,1,0,0
BRDA:78,1,1,0
BRDA:79,2,0,0
BRDA:79,2,1,0
BRDA:84,3,0,0
BRDA:84,3,1,0
BRDA:84,4,0,0
BRDA:84,4,1,0
BRDA:86,5,0,0
BRDA:86,5,1,0
BRDA:92,6,0,0
BRDA:92,6,1,0
BRDA:134,7,0,0
BRDA:134,7,1,0
BRF:16
BRH:0
end_of_record
TN:
SF:src/store/StoreContext.tsx
FN:21,reducer
FN:41,(anonymous_1)
FN:44,(anonymous_2)
FN:46,(anonymous_3)
FN:88,(anonymous_4)
FN:89,(anonymous_5)
FN:101,(anonymous_6)
FN:107,(anonymous_7)
FN:132,(anonymous_8)
FNF:9
FNH:0
FNDA:0,reducer
FNDA:0,(anonymous_1)
FNDA:0,(anonymous_2)
FNDA:0,(anonymous_3)
FNDA:0,(anonymous_4)
FNDA:0,(anonymous_5)
FNDA:0,(anonymous_6)
FNDA:0,(anonymous_7)
FNDA:0,(anonymous_8)
DA:16,0
DA:22,0
DA:24,0
DA:26,0
DA:38,0
DA:41,0
DA:42,0
DA:44,0
DA:46,0
DA:47,0
DA:48,0
DA:49,0
DA:50,0
DA:52,0
DA:53,0
DA:54,0
DA:55,0
DA:64,0
DA:67,0
DA:74,0
DA:77,0
DA:78,0
DA:81,0
DA:84,0
DA:88,0
DA:89,0
DA:90,0
DA:91,0
DA:92,0
DA:93,0
DA:98,0
DA:101,0
DA:107,0
DA:108,0
DA:109,0
DA:110,0
DA:112,0
DA:113,0
DA:115,0
DA:116,0
DA:119,0
DA:122,0
DA:128,0
DA:132,0
DA:133,0
DA:134,0
DA:135,0
LF:47
LH:0
BRDA:22,0,0,0
BRDA:22,0,1,0
BRDA:47,1,0,0
BRDA:47,1,1,0
BRDA:52,2,0,0
BRDA:52,2,1,0
BRDA:62,3,0,0
BRDA:62,3,1,0
BRDA:69,4,0,0
BRDA:69,4,1,0
BRDA:69,4,2,0
BRDA:72,5,0,0
BRDA:72,5,1,0
BRDA:90,6,0,0
BRDA:90,6,1,0
BRDA:92,7,0,0
BRDA:92,7,1,0
BRDA:109,8,0,0
BRDA:109,8,1,0
BRDA:134,9,0,0
BRDA:134,9,1,0
BRF:21
BRH:0
end_of_record
TN:
SF:src/utils/formatPrice.ts
FN:8,(anonymous_0)
FNF:1
FNH:1
FNDA:7,(anonymous_0)
DA:8,2
DA:10,7
DA:13,7
LF:3
LH:3
BRF:0
BRH:0
end_of_record
